building_id, mean_temp, std_temp, pct_above_18, pct_below_15
10000, 14.016701434535019, 6.3676492622326135, 30.966330331633575, 55.47538967849264
10009, 11.01028048638153, 5.809286996003359, 16.69765805608604, 74.93466680068349
10014, 14.76009423643455, 7.02829084342358, 38.297265935139755, 52.74831538445879
10019, 14.75219175313747, 7.020491283113653, 38.191880041912086, 52.886542354604735
10029, 10.622508188742058, 6.312460561811112, 18.25563221896085, 74.51301795448481
10031, 12.51872099118389, 6.276144595273961, 24.080075420557996, 66.33473764841057
10051, 13.290568693587781, 5.999000745442376, 25.97693550756574, 62.84890553841633
10053, 11.3744035333688, 6.258990338763394, 19.957686882933707, 72.38848730606487
10056, 14.22156228947154, 6.179404507754319, 31.770664359612127, 57.05454021123968
10064, 12.729579225705642, 6.964127503403579, 28.854589132358804, 62.675186492768844
10075, 15.17712319981736, 6.44334546715509, 39.29975267202544, 47.279392279833935
10079, 15.105831923572193, 7.310311159619339, 41.94066689251319, 49.388762522383004
10080, 15.788727905768031, 7.276695255676388, 46.42258819841091, 44.66988664752966
10082, 16.481817927787013, 6.706141219645528, 48.723152055379074, 40.47223934379593
10083, 15.642338056613623, 7.1206662339490965, 44.870436948965434, 45.874420061760624
10084, 15.103437404180207, 7.149927041471729, 40.92004216232495, 50.25146815238669
10085, 15.87201886727475, 7.191593636270213, 46.19291488551234, 44.711558809836205
10086, 14.401349605024498, 7.212646858776388, 37.29047849202513, 52.985983566940554
10087, 15.087660041744552, 7.268110485786864, 41.58125639989854, 49.843584131069925
10089, 14.005138326886952, 7.2688582943610704, 35.50778774954371, 56.30632760560983
10090, 14.29234898622382, 6.619899290262299, 36.6682123811732, 51.18710874101553
10093, 14.10777325827086, 6.563872903856072, 33.415299954503105, 56.39014667331066
10094, 14.207079018611717, 6.756749306693741, 35.406337218847476, 54.87878290373776
10097, 14.357997188117174, 6.86422206804487, 37.845159605718386, 51.274561002676414
10117, 15.467991377969012, 6.6825715532343, 44.13410625109789, 44.460337775101
10119, 14.089674182737747, 6.75178916860115, 35.08520585130448, 54.69260543909918
10120, 15.282544148744204, 8.031762241511615, 46.168775716171105, 47.71627461636002
10124, 13.86919885844618, 7.03166503893032, 34.57151056426444, 56.046202963016114
10126, 13.400895221560917, 6.635989514517307, 29.673490998941055, 61.073067419696436
10128, 17.42942852349295, 6.706558499486137, 56.04351758259297, 34.869926052029584
10136, 15.42983904485238, 7.2731673837332265, 44.34338141516802, 46.86940789148467
10144, 12.118610615454026, 6.126212822314992, 21.841893859516993, 68.8482201134709
10145, 10.662937533667057, 5.8914771730102355, 16.59074372844896, 75.26177596406313
10150, 14.964157995600226, 7.494034563459177, 41.2050516477199, 50.724180776292116
10161, 13.451501800401758, 7.029405189124995, 31.821653456440195, 59.45789982857822
10165, 13.05551807027766, 6.7320368077357715, 29.071604938271605, 62.0477366255144
10167, 13.234493289218918, 6.813348934796286, 30.197673255775193, 60.84369478982633
10168, 13.195184804172143, 6.8997928359809775, 30.327255804676984, 60.48332142204198
10174, 16.608940831431973, 6.955983995108371, 49.54587088609365, 41.2128288852686
10176, 16.68236882666349, 6.842547771979847, 49.90124349737113, 40.574317745569864
10177, 16.648131433708468, 6.775457258487117, 49.226928328558806, 40.82019223046237
10180, 16.511847069183545, 6.854052275230559, 48.287360564561034, 42.000487984935035
10182, 16.740702034449036, 6.320409984740384, 50.90032760611846, 37.492045534893585
10198, 14.43954544806872, 7.345024135404759, 38.675400291120816, 53.180494905385736
10199, 17.255015246375176, 6.978009104834876, 53.96834852365918, 37.61640952324219
10200, 12.835381860010695, 7.2551693767337655, 30.705105474787075, 61.61895267851767
10201, 15.96091362617611, 7.271203074177522, 47.10770734886752, 44.60681114551084
10202, 13.554783199322024, 7.495486091324255, 34.06697549887004, 58.621123857619075
10203, 16.816461246696754, 6.613476178659371, 51.28312357283203, 38.8368912962668
10204, 14.773620587426736, 7.063339931095164, 39.064742465316534, 51.70294477223196
10205, 11.460771673753396, 6.661885517123446, 23.204572590987485, 69.34838367310839
10206, 10.135279219371279, 6.358600532557429, 17.561838635377374, 76.29936241946791
10207, 11.398467696793144, 6.609717489627147, 22.66790323827189, 69.79121813343933
10208, 9.508388711084397, 5.540518397147766, 11.98892866813081, 82.24374981196787
1021, 16.768166667788126, 6.371574414362165, 48.87055947488474, 39.484701783428456
10215, 15.469642928306367, 7.149003674699672, 44.25972525885896, 46.58636194876449
10219, 14.159470139467928, 7.299826494926001, 37.30760536752769, 54.16640979799848
1022, 17.785342074809307, 6.216517953568088, 57.62111103894296, 31.784398689838827
1023, 18.99003740656411, 5.843677724238771, 65.29266204378875, 25.025639095622065
1024, 18.306329050620622, 5.9301404753727756, 60.60673656033906, 28.844151981559968
10243, 16.61479838222724, 6.204487986259524, 49.0093146358226, 38.12274262652258
10244, 15.573482930619054, 6.621991499145782, 44.1185238180409, 43.49698920884755
10245, 16.66015816891075, 6.213591432937659, 49.22347603536529, 37.88389948813401
10247, 15.610816611731284, 6.6200149855589565, 44.66136237159144, 43.10617113119858
10249, 16.127140447483114, 6.232782614562541, 46.033884603725284, 40.42406278419617
1025, 17.539724459759974, 6.329623547295489, 56.10260229970672, 33.80103347143988
10251, 12.19342420109195, 7.591853837120826, 29.21943923818178, 65.12087995304897
10252, 12.014998989122342, 7.601975957922707, 27.505075951270868, 67.00443675740712
10255, 11.944625666331065, 7.217732219092228, 25.821904506487382, 67.93393321187796
10257, 15.261276271063915, 7.283459963300417, 40.810593333992124, 51.13147084150938
10259, 12.66754704547033, 7.621098926867861, 30.47989294304977, 63.81830809364095
1026, 18.560008061839824, 5.710466545202414, 62.04045488441462, 26.71047725577927
10260, 13.68296159355279, 7.210209424852269, 33.742477507001134, 58.04938670934023
10262, 14.737633827069295, 7.445888735901559, 39.184989446743444, 53.038839307972275
10263, 16.762853876391826, 7.06936616111929, 49.47879639226032, 41.67658823630181
10265, 15.094951592259804, 7.165754661934332, 40.848374016061065, 50.50488987834937
10267, 16.278251047821506, 7.473103597825655, 49.05572049819521, 43.07589962179543
10268, 16.947557502170863, 6.9744860643616375, 51.43889840789424, 39.66131795840264
10269, 18.61876658463819, 6.782378090886881, 61.97382724883379, 30.331218780531437
1027, 14.684621790147476, 6.651913542499658, 35.71648844400364, 52.54415282419716
10276, 13.226200856416796, 6.967355568363664, 30.53115080869688, 61.6602931458471
10277, 13.562413305971011, 7.038953334603819, 32.624669111973695, 59.366356848640244
10279, 13.95004121495471, 7.007195208401977, 36.28633948108784, 54.89632176721892
10281, 13.039794597019968, 6.873191778395805, 31.380208333333332, 59.961458333333326
10282, 14.266275354075296, 6.78883050102728, 37.71750078143993, 51.44653214322926
10285, 13.988213033139052, 7.037592056819353, 35.448142278570174, 56.55044902271526
10288, 14.551431304557964, 6.819244071443074, 36.373919791652966, 53.612532389808884
10291, 12.23991858354612, 6.7313871747832, 25.205764889737804, 66.19204723042195
10292, 11.196085184116273, 6.44088115169859, 20.106946920067596, 72.5282992661867
10303, 17.639862791483523, 6.578672763877197, 55.705356850682286, 34.47756798324553
10306, 14.290877834508617, 7.349605111598099, 37.14386938679106, 55.49732809778276
1031, 12.159427755791588, 6.8471266163267215, 25.786200887198984, 66.42110266159695
10311, 16.36252990127767, 6.5798127993556585, 48.243310383987506, 40.93619135495777
10312, 16.443740512432843, 6.4515438335613835, 47.69274659439412, 41.178708128283766
10315, 16.726167123467878, 6.394395826907944, 49.858656770407684, 38.9772377111775
10316, 15.988762693849683, 6.600565772471884, 45.11483244268118, 43.4584142279247
10318, 17.515029759267875, 6.3174811659764325, 56.857413847613024, 31.999156918537253
10323, 14.300976712545793, 7.3644310807549545, 38.09248740412695, 53.307018388370075
10324, 16.415939333751, 7.02110809476628, 49.37507930465677, 41.392272554244386
10330, 14.988866887783624, 7.180442854189559, 40.85320445599477, 49.573701727989786
10334, 15.04288029668427, 7.192198155017628, 41.34090585499359, 48.94243090601319
10337, 13.964951408870068, 6.836521644638797, 33.97373972359679, 56.951481576405186
10340, 13.44955021808914, 7.491581368562618, 32.84563067954506, 60.363681393000704
10349, 13.664865598524933, 7.362966182207126, 34.314267182357604, 58.218223749009056
10350, 16.628703726964385, 7.26811106904705, 50.79432405336624, 40.56322459576875
10354, 12.336658740047685, 6.730009094507122, 26.107188854314533, 64.94787211040396
10356, 12.479140286263865, 6.900297779575585, 27.032301962469564, 64.84744305973356
10357, 11.891393205808619, 6.844275062656931, 23.820006474587245, 69.11621884104888
10363, 15.932502499926239, 6.924610640933216, 45.86556851663594, 44.425108120681635
10366, 15.816322504618421, 6.825734046363044, 44.01144048746425, 45.29419079595565
10370, 15.608658582078904, 7.674705063591328, 46.58131133134795, 46.13581994824977
10371, 12.761751926750138, 6.915852223865164, 27.578156719447826, 63.76116524563541
10372, 15.677073810553612, 7.171127649002615, 44.890769105204456, 46.91079250210844
10376, 14.459322984236737, 6.556961550833394, 35.44301837717329, 52.65594277840566
10382, 16.943258848077768, 6.333240455475007, 51.31480849665769, 36.71228376107257
10386, 15.179741688332191, 6.700669950628315, 39.50166908460921, 49.35983210558192
10388, 16.399094146286018, 6.658380657496477, 48.70299524120556, 40.685359708873754
10394, 14.609804772637453, 7.001183786676965, 37.9853877220269, 52.289213315732376
10396, 15.404925322074012, 6.993497048595532, 42.538817953524564, 47.54241384595433
10401, 17.100877262102514, 6.741607598807567, 50.821443102263, 39.49380585602648
10405, 17.750411787633272, 7.098412648140624, 57.608310707118406, 34.782394837288
10417, 16.045295753707855, 6.708378448723597, 45.71745588603744, 43.339060095207415
10422, 15.157395232043035, 7.147819554899445, 42.48855925516806, 48.31544895060754
10430, 14.144116909645104, 6.90750898853048, 35.487496213194696, 55.35771873076059
10437, 13.822009719005766, 7.790820310748885, 37.746944423091705, 55.78445691444385
10447, 17.16614481708263, 6.408329420274396, 52.7909938485198, 35.71342752787389
10455, 15.193305177796013, 7.049416267102674, 41.83121500983507, 48.75737630503858
10456, 14.456681209151304, 6.6278879220159945, 36.51034407367932, 52.22459074635839
10464, 15.173734673058872, 6.468762152155021, 39.09587926535229, 48.69075141640951
10477, 12.006833388564056, 7.140815822046952, 26.391859227501964, 66.9266196496603
10478, 12.384127504799148, 7.212660206488978, 28.450958332066367, 65.01049046735791
10483, 11.763026987458732, 6.861127049415294, 23.738751622626562, 69.9104530153352
10490, 14.562048421609472, 7.091741838034533, 38.34056761268781, 52.97161936560934
10491, 17.111093314829866, 6.933676032452029, 52.201579637386885, 39.04006651104787
10493, 16.34680430383393, 7.000784005928131, 47.977569101104955, 43.00029863622789
10495, 15.86069975831351, 6.9444288903060745, 44.21712166741257, 46.3887645717452
10498, 15.261154518443533, 6.902860743065519, 40.70858196404769, 49.65430468526154
10504, 16.544746715152563, 7.040875937393494, 49.534271142745055, 41.6208036765118
10507, 15.406185785944649, 6.954364240116329, 41.412264083071534, 49.06832298136646
10515, 11.173925648898349, 6.411750204600357, 20.76053442959918, 71.11045857191797
10522, 13.640602043147322, 6.789595401405373, 33.12495985956198, 56.13881098670549
10524, 14.491385349920305, 6.388749318018552, 35.6752603722042, 52.322007853850096
10532, 13.54908032179703, 6.608577115799288, 30.13945236573307, 60.22281070221898
10535, 14.961323087202462, 6.756020609261451, 39.832579738482224, 50.04888182818037
10538, 16.14234350613997, 6.574189530146014, 46.54397723443292, 42.833339573894484
10541, 13.54043317419735, 6.6177864737251975, 30.112232653349334, 60.12917343121338
10580, 15.140583867845413, 7.208257408421548, 42.176514410765, 49.30623457652372
10584, 13.23978278814919, 6.559353841893423, 28.496735392976262, 61.1994694208703
10587, 14.987736942079964, 6.702822454863769, 40.46808083206253, 47.93034489685968
10588, 9.104546296926628, 5.933922956788862, 13.736044841802936, 81.28688562560801
10589, 13.413555118838012, 6.448368013669244, 28.655152338443624, 61.434116048903554
10593, 13.412981556500139, 6.587099891722026, 29.58732212160414, 60.02716688227684
10594, 11.585467153553214, 6.461481590045762, 21.663042352697527, 70.35311173242208
10604, 14.255826246135946, 7.055054222898503, 36.46210077118855, 53.10867443596074
10605, 14.458294233368525, 6.624794182435008, 36.38249665602053, 52.63287200065515
10608, 15.187974669017102, 6.70244227908081, 40.50021047742086, 48.45190228041399
10609, 14.411582020839408, 6.656520579302729, 36.35539437896645, 52.77754883375917
10611, 12.368973319222599, 6.774794283807464, 26.13984407629124, 66.41027425866629
10612, 15.48620617543168, 6.437998088278754, 40.95396706179451, 46.79706974060891
10614, 15.519764671546776, 6.96257211761577, 44.097481131217606, 46.19805401473129
10618, 15.15258854066911, 6.852977469026115, 39.49485946699138, 49.62779779314847
10628, 12.165704162738859, 6.6671383402153825, 24.77046738038319, 65.69829886013235
10633, 17.103252053019187, 7.046100627410634, 53.60159908956944, 37.437079618903105
10634, 18.379928339147046, 6.22837118629069, 61.38302828618969, 28.60698835274542
10637, 16.524775619143497, 7.138794194738239, 50.69434465099874, 40.5868290070153
10649, 13.906939130910262, 7.141761350769207, 34.77691677025204, 56.76258231731507
10650, 14.910581694671233, 7.140514119714269, 40.12142237640936, 50.58376142504504
10651, 14.99854155460965, 6.358955430434899, 38.33193789568002, 49.93022811733427
10653, 13.948859897244319, 7.140590655938858, 35.45413350703787, 55.92483502789657
10655, 14.736388879820264, 7.23967671664623, 41.247513100008405, 50.90509148989828
10678, 13.688071037124294, 6.9049748064872265, 34.15244680719234, 56.58450747859276
10682, 10.20095038775878, 6.012929715610033, 15.954535887181645, 77.5073668701326
10691, 14.847362062257913, 6.677571120299947, 38.32081810618108, 49.99842023780687
10692, 13.68588002747369, 6.908678982945442, 32.36852746504352, 59.38770298167578
10696, 11.439367254093703, 6.911921881613345, 22.168679882541493, 71.8734201723155
10700, 13.087127249692683, 6.9409044240900215, 29.78596347864349, 61.83067752040314
10701, 17.3657217837177, 6.332651605596856, 53.405151526447234, 34.754165579453534
10702, 16.872994893628086, 6.710583829833351, 50.75310323947926, 38.91916439600363
10705, 15.929408310644003, 7.042722229964881, 47.4095854160541, 43.71263353915515
10706, 16.28295846399136, 6.382962436678165, 47.05365339166781, 40.24102033242837
10707, 16.027021549887245, 6.655748191249916, 46.461091211130146, 41.87509733686341
10708, 14.391126823219848, 6.918880736060731, 37.05085810348968, 52.69808427703164
10709, 16.10028791230126, 7.0671160377326165, 47.56294295709547, 43.19092243832587
10712, 14.711835969953244, 6.566515212975013, 37.61230450696935, 51.339335231264094
10714, 14.42968917413749, 6.825990952482319, 37.07848541462422, 52.355672296109944
10715, 12.636989540665903, 6.988249902414355, 29.37905139740002, 62.52169600793454
10721, 13.746848854619925, 7.085401623625564, 34.23077893568166, 56.718225631450125
10722, 14.691157439441271, 7.006218050962928, 38.28707520381057, 51.89246129889163
10724, 14.314281951306423, 6.85871484496757, 36.72483810778181, 53.27186916913621
10726, 13.68552162608074, 7.0509364309531115, 32.30692263171835, 58.66824928144712
10733, 14.45681438241913, 7.242954872643684, 37.975284365411675, 53.6556423861267
10737, 14.084001902797244, 6.928995902807718, 34.35522151898734, 56.924940664556964
10739, 13.276995882525387, 6.739987195948752, 30.049395798793306, 60.718375578990546
10742, 16.453000119900686, 6.640398261197467, 47.16753941362605, 42.39450029402705
10765, 15.083534834213461, 6.932440606025511, 40.60921913480435, 50.25373765516555
10769, 16.302369752173114, 7.2321555881624375, 48.08196088784193, 43.57776739841196
10772, 14.005067861796558, 7.203519683149092, 35.372058873749275, 55.81167685460279
10773, 16.253420046676723, 7.253716267321712, 48.13118986626863, 43.70776771486778
10776, 13.431539878303381, 6.900938224539821, 31.388245446700274, 58.80228914020984
10782, 16.93481022021801, 7.198151316405265, 52.43640417553461, 39.86013986013986
10786, 17.247835644833415, 6.871120791537979, 53.52724692945506, 37.453997250920054
10790, 15.495818200588683, 7.243408078298483, 42.87180763368277, 48.61884468224096
10791, 15.19113246726615, 7.090378334621709, 40.00605489773951, 51.1823869752422
10793, 14.193727928136997, 6.651764924268155, 34.73012930844256, 55.48347235094223
10794, 15.250611291685525, 7.061487292048026, 40.19906967438603, 50.85946748028477
10797, 14.600540493449286, 6.904255766765573, 37.49765610350647, 53.70335645977874
10798, 16.283422243981843, 6.971159823232534, 46.57763637124796, 43.98347776335803
10799, 14.324565059610167, 7.174280111353352, 35.667067803036545, 56.13656220635993
108, 16.93746236121908, 6.731677068948841, 51.102618939101774, 38.987250055510756
10801, 14.204150223775136, 6.545624044953427, 34.15466092186168, 55.437368161213584
10803, 17.735801383891857, 6.740643244335757, 56.393116650977824, 34.19040265687965
10806, 15.911317339911832, 6.450633026061649, 44.223710828195216, 43.512652477802135
10821, 18.969842085586556, 6.225426446476359, 65.04292106074334, 26.08330141887032
10822, 18.290142470517054, 6.747787577646927, 61.56170469158895, 30.87437836671193
10823, 18.59864151202137, 6.6792625204036815, 62.02260600954788, 30.222374333052514
10830, 15.919592984039246, 7.432540711471809, 46.843130995783, 45.32517934846525
10834, 12.864753395777278, 6.722653281201525, 27.408257934138614, 64.2116382675791
10836, 17.534533928538178, 7.372144153856434, 55.31718048088487, 37.54356027508506
10841, 15.95343528409815, 7.409111607443887, 46.89360713352116, 45.28740306137268
10845, 15.962686159464994, 7.422748254640655, 47.023557080618424, 45.11990592589737
10849, 12.932745208652658, 6.9092618502130305, 29.008280628545347, 63.0827410836539
10851, 17.597085552113132, 7.410694334758553, 55.84374032407885, 37.2143668077201
10853, 12.538067891577407, 7.137025902281504, 28.393918821617397, 64.61663477956758
10855, 17.60894054776077, 7.377253280586586, 55.87060794528722, 37.02407454157391
10865, 13.019010587413392, 7.023224466690896, 30.429911491806116, 61.673609484330285
10867, 16.993773022519047, 7.517600910197774, 51.309454169104086, 41.21968231111911
10869, 12.823712299608223, 7.1105166692331165, 29.659418738595473, 62.87042417199302
10871, 17.044835110355855, 7.4961330035798275, 51.63406940063091, 40.8041296243189
10874, 17.582612806895927, 7.1145921999750845, 55.69053424961206, 36.40730067243035
10882, 16.010424315757753, 7.22374220371458, 46.35351933599051, 45.71779596851383
10884, 17.842450171678994, 6.927970665445067, 57.68172735058261, 34.16681805205927
10889, 17.20471328728223, 7.103118709762216, 54.71779120842828, 36.69980294373438
10890, 16.740407344916864, 7.159331349738741, 51.234303870948025, 40.32721273410528
10893, 16.43087883632883, 7.069831649988744, 49.10469848316686, 42.489826119126896
10895, 16.06674997055695, 5.943531138889472, 42.22567666422823, 43.39155084125823
10896, 13.152657116329538, 7.075964859444442, 30.49871397231258, 61.37472577350783
10905, 17.529651651749937, 7.067784454323015, 55.923142175139574, 36.079382927935924
10927, 12.117124821403301, 7.491608690887784, 28.375690607734803, 65.01773771445187
10929, 11.838316444576213, 7.194095756225866, 25.23817698051669, 68.1132520813664
10930, 18.15496484283328, 7.180885337671825, 59.773480046147554, 33.24980461723586
10931, 13.943244401231468, 7.155325124668905, 34.72511130978198, 57.15524948439008
10933, 17.26426846693052, 7.011444670157124, 53.61852192578963, 38.01077123581724
10941, 13.797081451680816, 6.7030117861661, 32.99829448550312, 56.577600909607725
10945, 12.028031529885945, 6.241769560798269, 22.053062817011316, 67.38899726882559
10946, 13.16093811838036, 7.144368967785932, 30.839698920526747, 60.94415506430756
10947, 9.596646751482341, 5.591321606578454, 12.431644185198687, 81.65633734354113
10949, 15.72717645545752, 6.994824798229433, 44.76615897960282, 46.20311070448307
10956, 15.062874987589174, 7.037730661822836, 39.72784221516433, 51.28270367965748
10957, 14.78261039492865, 6.759524467154026, 37.57034162283613, 51.76122146759945
10959, 13.981343988135341, 6.9133543687405306, 35.45974932041898, 54.517706216890716
10961, 18.23023627524743, 6.730561013811703, 60.017300308029874, 30.780834634372756
10967, 15.08035076104886, 6.7212298683229355, 39.473441487235725, 49.137604148518605
10970, 17.13963094280599, 7.00340653888983, 53.53932047594281, 37.58823092354559
10972, 14.528830958022, 6.530465401990988, 35.06872665288507, 52.953976716352955
10973, 14.964346592979206, 6.7394077196690425, 38.73521394942421, 50.61100460372733
10975, 16.640374189179266, 6.570272323849487, 47.94751824101037, 40.60138075450708
10977, 15.529039555392357, 6.817841900281563, 42.09847754433956, 46.96181528733828
10978, 15.775551079423128, 7.001163860255342, 44.572807903895814, 45.742674301111485
10980, 16.373356763281762, 7.113613042147527, 47.814947840690394, 43.827304264682446
10982, 14.878322423641336, 7.190183537844076, 39.439160380452606, 52.04472777959987
10985, 18.187564174518275, 6.648728285327211, 59.58336918179472, 30.68484900628065
10987, 9.394388351342661, 5.404393639762673, 11.494365989273238, 82.0744968754613
10989, 17.513182459312755, 6.943796292694042, 55.62442060654218, 36.16607071911005
1099, 15.853138858092302, 6.551996536953748, 44.22482349140915, 44.937010659734504
10993, 15.81811726377117, 7.208875685156272, 45.043143516442655, 46.250505801681996
10995, 14.450695014071211, 7.065126809817248, 38.0112986674818, 53.035809303852645
10997, 17.72008044171189, 6.551344757054365, 56.02647719419489, 35.290687629578436
11000, 18.85507924459902, 5.460719436919302, 63.44364337511003, 23.3474451942826
11009, 13.756539505222554, 7.290402096595192, 35.63818649850353, 55.70075500979173
1101, 16.181456401771598, 6.994360653669153, 46.67924073999759, 44.17713391388097
11012, 13.755808498659365, 7.317899977397959, 35.71261466477868, 55.775410946253764
11015, 14.03027742916998, 7.510569278838705, 37.3330943632942, 54.56582131015324
1102, 14.416236621015424, 7.574073345885461, 39.94643388552723, 52.78841384783256
11024, 14.223824888563037, 6.6282817054287655, 35.706097935065145, 53.26208043397537
11032, 15.549378449297835, 7.129498883676034, 43.49397447595123, 47.17683165266438
11037, 14.252403402292979, 7.614944807456034, 38.286689911238646, 54.68954097112941
11038, 15.664170357050338, 6.988848150913578, 43.399000596351975, 47.18377922638754
11039, 16.077219671927175, 6.954160464326451, 45.70780399274047, 44.48779995966929
1104, 16.28875599261906, 7.0586491151367365, 47.16349640207508, 42.958346946744335
11040, 15.650043240040988, 6.985017742398718, 43.14797780181346, 47.329849282804496
11041, 16.083563997113426, 6.968480233083516, 45.717323953742806, 44.77766076011493
11042, 15.682031789826203, 7.053053716587391, 44.568875546747655, 46.793390949494004
11043, 17.383909476758774, 7.322988392221621, 55.023209549071616, 37.07034703801945
11051, 16.829018912653524, 7.1815490478682635, 52.13967181347279, 39.31530501968871
11057, 14.731426855146168, 7.701750219699002, 40.529793906810035, 50.57683691756273
11060, 14.472510107416724, 7.153742367673504, 39.37350013489911, 52.11365604987007
1107, 17.848729327285717, 6.190024002011254, 57.248169283142715, 31.675687590311284
11071, 12.217662504184066, 6.887327752406072, 26.32551599457641, 66.12765530055742
11075, 12.529927105732172, 7.351926945682475, 29.879009969906033, 63.54330869858947
11078, 15.7760999624984, 6.744109167718137, 44.548261936812104, 45.439068809882016
11079, 11.701790075998836, 6.755179721196886, 23.749249978570816, 68.54910140289722
1109, 13.069407146906286, 8.802167878371142, 38.593650754113064, 53.499059693871196
11090, 11.418236861561075, 6.711650141103482, 23.331219852805447, 69.5514338226442
11093, 13.191545648997797, 7.067057117980678, 31.281346151678747, 61.468324185422695
11096, 13.716314455181776, 6.820787542429267, 32.70381093752297, 58.380976176129096
1110, 17.934289080730554, 6.19780911315843, 58.91504176023005, 29.96720569942327
11100, 11.632619133004017, 6.926099958321409, 24.590949087223354, 68.9054477005157
11103, 12.101018601590553, 5.693648613328667, 18.612574399671615, 70.78059793391257
11104, 11.228416473533025, 6.71498856330042, 22.288655985964265, 69.7550671776167
11108, 15.503460507170717, 8.398764039904634, 49.28365920967647, 45.24249897246198
11117, 16.04079449315753, 6.741526245055691, 44.35346440001663, 46.09085996924228
11132, 12.29573567088372, 7.340690841640394, 29.238549124471664, 63.96532390235487
11133, 13.773937284353478, 6.8827108090067055, 33.431773046726285, 57.13550723892039
11136, 13.331919657195368, 6.692699296324464, 29.92848580050432, 59.64821627878136
11137, 13.418180506648856, 6.889706454880951, 30.549710269620295, 60.25562615969897
11156, 16.305365986224572, 7.458966602890661, 48.49230984666371, 43.44878287861461
11160, 14.964330898911797, 6.972948246495252, 39.61935371449592, 51.013572382814765
11163, 15.010240929176241, 7.045607418025517, 39.3795182088064, 51.23507149817572
11164, 15.151575485299155, 7.266245725328674, 42.30283534275346, 49.03428199231679
11165, 15.36155815176311, 7.1833905635505735, 43.509885474364786, 47.72624233703258
11168, 16.027020520814915, 6.980071002147184, 46.853552951113926, 43.5434484214972
11175, 15.12656109925847, 7.281063299852886, 42.276260978004196, 48.98909496139457
11176, 15.973390115645238, 7.002221013473034, 46.70002382654277, 43.778624943742884
11190, 15.313742507586946, 7.144756377619274, 42.28194138769837, 48.772153364994786
11192, 13.74183809146116, 6.917036923929834, 33.951630163373046, 57.14251741932416
11195, 15.718387407086999, 7.252452779960519, 44.875192687346185, 46.46401817345917
11198, 13.735032702429683, 6.278449723842849, 29.6374837471364, 57.02588075041793
11199, 16.77118591917024, 6.251629389226253, 49.50313511555787, 38.11485614686375
11200, 13.454790817637553, 7.615765623361501, 34.36120809854692, 58.93340708219541
11209, 15.012972083544886, 6.810172814802956, 41.057985415228124, 48.44805227613386
1121, 11.523748308199833, 6.643574833144374, 21.87618975100891, 70.67387497144597
11210, 16.464325745657632, 6.821379865494, 48.964188931938814, 41.483953326913166
11215, 14.474911095193784, 7.166543454009979, 37.318384489594244, 53.741720685638995
11216, 12.077950487912204, 6.262355072024889, 22.197694017272497, 67.49548797040705
11218, 15.430479332565795, 6.554085620785018, 41.45987363892996, 47.75104180669445
11224, 14.8674031033442, 6.446331924323794, 37.98106078275878, 50.8280076503242
11225, 14.700763437514969, 7.245552895712319, 39.85927692544999, 51.34019150678105
11226, 19.370538941900822, 6.318640543099905, 67.25028249274024, 25.073205107954756
11227, 17.20803323638254, 7.016889562093295, 53.33474201851781, 37.57347573859926
11229, 15.69139346156247, 6.553477611335008, 43.029463210740325, 44.67413280025443
11240, 18.276616191252792, 6.6760068270572335, 60.02912559211369, 31.56446037639227
11243, 15.184018141415555, 6.478532190924754, 39.63177949503223, 50.97752929026744
11244, 18.78084638879888, 6.5964847076363995, 62.900227225779794, 28.824623011774424
11249, 17.23105553516414, 6.608762214382742, 53.89112362563691, 36.32072941807455
11253, 14.585247817663623, 7.0895095061786835, 37.9463680077177, 53.336549042070516
11255, 17.632713346486366, 6.418184169240395, 56.10969069593415, 33.8036293339985
11258, 13.432129988354552, 7.297358087933274, 32.51633700660488, 60.48283957322308
11269, 12.693313395185786, 7.191040649605219, 29.487357118115693, 63.206327213947574
11271, 16.841214224542274, 6.72708647243072, 51.393163275844266, 39.25849426830528
11272, 16.73123042053235, 7.601858009900891, 50.54557818923681, 42.21404799439482
11283, 14.052680963990849, 6.606392473112662, 34.233720841881315, 54.61970974849935
11286, 13.801163415253397, 6.657431583656027, 31.518727093948335, 59.114150353088405
11395, 17.519352205767714, 6.7403762264316445, 55.23695917342326, 35.66675037669513
11396, 15.004706896660707, 6.931249883959406, 40.103136609799826, 50.03419403729923
11399, 14.5010897673161, 7.328285386194445, 40.69554391487162, 49.742782645462874
114, 15.052912884289515, 7.108277171349048, 40.50086792389234, 50.60249085730657
11400, 14.782114721956653, 6.994731471070866, 38.36016300106933, 52.57940521950233
11404, 16.45121908439887, 6.730841789276028, 47.88924314384368, 42.00743494423792
11407, 15.811891039166557, 6.948740559262307, 43.822667418853285, 46.69565337039228
11414, 16.001377500027925, 6.891196307427364, 45.713421321332675, 44.63815250412838
11417, 15.262052649852187, 7.367714109102582, 43.43378629092915, 48.62232362232362
11418, 16.882116628028456, 6.785235575822768, 50.89903007641442, 39.612532466717695
11421, 14.206982171950457, 6.945585255465595, 35.24614129849345, 55.5391410061093
11424, 12.933620318386957, 6.751579814163598, 27.901591895803186, 63.118668596237335
11427, 11.774403122381617, 7.027759755675016, 25.35768291264395, 67.07625281546416
11430, 11.347485384030053, 6.872539418090106, 23.205049820711533, 69.52922319348282
11434, 13.534151298046195, 7.464709653312015, 34.14345121188514, 58.54902950438341
11437, 13.565580351059854, 7.314589440162419, 33.75960234975147, 58.845458653411654
11438, 16.44182832144679, 6.552510952613827, 46.05178686068906, 41.92167772309009
11439, 17.475995119804793, 6.840505721205941, 54.8744019138756, 36.578947368421055
11443, 15.336338028244077, 7.718506457729685, 44.65935106970869, 48.85608273466488
11449, 18.20662142033171, 6.724059998276245, 59.77694575001992, 32.145303911415596
11454, 17.423040376813884, 7.436331732474865, 56.62890647236295, 36.84180565833665
11456, 16.892382918596773, 7.545366843086686, 54.37350234661903, 39.24170884909326
11460, 18.192214004866162, 6.710414463688313, 59.4212981263341, 32.45157719977863
11463, 18.341294845743274, 6.702645131740213, 60.74468549478371, 31.365402243659695
11466, 16.3231242279583, 6.824347780800597, 49.5577791271748, 40.82688702906777
11470, 16.63488978645107, 7.032905697696924, 50.28984253331026, 40.954317355943935
11471, 16.921424339601167, 7.095355217061064, 52.647290441917114, 38.77808911598264
11474, 15.500875678527944, 7.500792837632936, 44.51121629965014, 48.32475818069562
11479, 12.787645296427886, 6.645400541157719, 27.011151783434066, 63.89716523367668
11480, 14.029536872038438, 7.02087001206725, 35.55026455026455, 55.1031746031746
11485, 17.018350933823317, 7.034087239579403, 52.617410671056454, 38.70824053452116
11489, 15.27211960864249, 7.1465080261052725, 41.56902985074627, 49.24626865671642
11497, 13.231547704298617, 7.084369484145536, 30.793007015879763, 61.17225701996827
11498, 12.276059477556691, 6.961220053075743, 27.053935012050196, 65.1741045458323
11501, 13.898361732614736, 6.584314234884701, 32.021684134441635, 57.64221178171305
11509, 14.44445577088655, 6.666844967340135, 35.366946104581984, 54.94631850574252
11510, 13.794240606718297, 6.753371234848659, 32.352899465346816, 58.2488335484237
11511, 15.216104626633953, 6.829287104177893, 39.569356238548544, 50.86307842786098
11512, 13.586983468354019, 6.671940833254679, 31.30119548372814, 59.64965685189285
11513, 13.970028106618132, 6.498458704598693, 30.87026434035135, 59.363118584975126
11514, 14.00599535802978, 6.861634398236373, 33.70938208000993, 57.015610936966574
11515, 13.641228073237242, 6.382710369236228, 28.868805096673828, 61.20700298787565
11516, 12.961301541786188, 6.930110436607638, 28.537584013596685, 63.34045785800736
11523, 15.408312927646081, 6.631750850728183, 41.38212232096184, 48.338734971249345
11526, 14.8353505382868, 7.164797575374213, 39.63596848682423, 52.07823960880196
11574, 14.059479693118673, 6.876919991676593, 34.43688821427291, 56.21914926675352
11575, 13.93342635253581, 6.780597443474357, 33.33132971881273, 57.31459553033673
11580, 21.083792926177644, 5.601482499402822, 77.95406089679526, 16.226097674728496
11581, 21.461501576717374, 5.485052630290602, 80.01201913182354, 14.446008578037917
11604, 17.690895144430915, 6.896216594100847, 56.709932950980125, 34.54991172946224
11605, 18.677715401012374, 6.488845645948716, 62.93637060953638, 27.9651795429815
11613, 19.71816986181778, 6.618979512644355, 69.82801155987876, 24.13477126947205
11614, 19.584068395524312, 6.575290971650873, 68.6510212950891, 24.60756192959583
11621, 18.370696032090763, 6.104477545212523, 62.071547528369855, 28.03805884403362
11622, 16.72171646514039, 6.585618317080352, 48.39388277627846, 39.39381357691509
11639, 13.687955414167638, 6.457529317050485, 31.07917946685165, 58.396591021702505
11645, 15.661665029965487, 6.970015017804705, 43.83214676889376, 45.566356334428626
11647, 13.788964746142376, 6.551289510646468, 31.81516158260344, 57.4388402295379
11650, 13.52897030881182, 6.650547856851815, 30.854541060958702, 59.18831953400231
11669, 15.949469988942655, 6.331485008940981, 44.87567957819662, 43.0992047431003
11670, 16.24365257752782, 6.065700325961707, 47.32098913958855, 39.21341310030295
11672, 16.044910263498906, 6.2892459255974025, 47.29082314035571, 40.52742034638459
11675, 17.058497182680977, 6.149276027612042, 52.996088193456615, 34.920776039197094
11676, 15.460248245739548, 6.861741215756332, 43.308352144469524, 47.071783295711064
11679, 16.88253623093826, 6.764721598559911, 50.78434687858122, 39.499145202802985
11681, 12.714010680155635, 6.42414387738259, 25.334003013561023, 65.77348066298343
11688, 14.288465243454208, 6.848512835651559, 36.58582988762335, 54.37584028817128
11691, 15.06017607181534, 7.344485116096302, 42.010671905280205, 50.135389843107056
11693, 19.050317233129896, 6.619008210718759, 65.13602941176471, 27.69669117647059
11695, 17.630465190269256, 7.033308669141098, 56.840353494777915, 35.072114464975705
11697, 16.597858264348552, 6.3015249356493825, 49.89896974081373, 37.43732382069
11701, 18.12652055039159, 6.368609769155284, 60.13151333831962, 30.68125155821491
11702, 15.979568410642004, 7.2718020933145695, 47.78941353308737, 44.376948781972445
11705, 15.897861967408938, 7.275680733229541, 47.48102396189909, 44.56764399464206
11713, 15.932089961916652, 7.316906202494209, 47.76339973175699, 44.41532959117779
11717, 16.8178522644158, 6.328916187714987, 51.08543417366946, 36.252000800320126
11728, 14.575417497926846, 6.972861521209079, 37.44976424796684, 53.389924369481975
11729, 14.777075217711994, 7.055689236427577, 38.65951828183465, 52.21432389523149
11731, 12.706808042702832, 7.237230881828143, 28.81659572106886, 64.74756842881263
11732, 12.485151891528723, 6.530225309772719, 25.1847564070033, 66.27442273534636
11736, 9.591823207745716, 6.545324180525597, 15.916419450535276, 78.27077690356421
11737, 10.490546565898258, 6.669432077363357, 18.30869077245889, 75.44039428097399
11738, 10.660666533924747, 6.792895697676175, 19.406087602078692, 74.64488987874289
11739, 9.657007822891826, 6.6893732927141265, 16.204160411752092, 78.40446064765173
11740, 9.194954355798822, 6.25579323807448, 13.732881015202917, 81.09058927000879
11780, 13.41894590847042, 6.988840010442168, 31.281183321835947, 60.629201225675
11781, 13.441383753084578, 6.655558807391457, 30.710723583100712, 60.26487469811498
11783, 12.640799971392772, 7.0338274606393165, 28.128719974142484, 65.02849845091407
11784, 12.88019470738572, 6.819860019051764, 28.13612516394978, 64.09655861595154
11786, 14.283656679505913, 6.932491813496617, 35.44084021973226, 55.73002153679756
11787, 11.924539166946195, 6.899106820601972, 25.256583136682025, 67.63681312507023
11808, 16.55434989489419, 6.919060248798454, 50.03223726627982, 40.58258526343633
11811, 16.811321024940398, 6.554747138181589, 50.91118468403627, 38.8988052396718
11812, 16.8061774645632, 6.577642987832296, 51.238772942248445, 38.62107866533605
11814, 16.57604200642219, 6.5038514715550075, 48.39013220833399, 40.330599250348946
11816, 17.822573510098422, 6.507328919212294, 57.748948483772764, 33.10958358881682
11817, 14.799825642334543, 6.48079334916225, 36.88740063841773, 51.699317769293366
11818, 17.35864799736235, 6.437277631678401, 54.59115122583501, 34.835527875693536
11819, 16.853736218735627, 6.416236015181136, 50.452991037422414, 38.3024586311405
11824, 15.664517679315955, 6.666528534881516, 43.44119327579467, 44.856103208733046
11825, 16.60701217050066, 6.308328140942814, 47.925855006042724, 39.86627532842591
11826, 16.615830029481902, 6.317820366099222, 47.75126448653493, 39.808922034722116
11828, 17.741761872955248, 6.507201804893985, 57.21436799664886, 33.531259817781965
11829, 17.70708278511336, 6.496390584764614, 57.02596178562248, 33.64321823322766
1183, 15.755528628443482, 7.116171131788099, 44.12938399280576, 45.3265512589928
1184, 12.426591639482206, 6.920685619122455, 27.918945944356217, 64.20798776542557
11859, 13.944051479859201, 6.443627160668894, 33.396261643466175, 55.600273841877055
11868, 12.291269887495528, 7.383186763188903, 28.855335583736274, 64.23531916187696
11888, 13.351845052100673, 6.959785848936406, 31.687898089171973, 59.84968152866242
11904, 15.473135638818043, 6.5171247243839305, 40.76017546782165, 47.678938308623465
11906, 14.427811482293595, 6.420410580439056, 34.108088144774094, 53.35959620829742
11908, 15.489815608149025, 6.68050205798083, 41.54789382573572, 45.10530871321408
11909, 15.238893550725559, 6.759896970292826, 41.53761712471086, 48.20637472066491
11912, 17.913659411777306, 6.937654975342838, 57.33956651083722, 33.9764839212353
11913, 14.953966139772126, 6.630319056230807, 35.7221947998239, 52.62610226924052
11914, 18.79223944117502, 6.354315508012646, 61.33916236113477, 28.47801813054751
11916, 12.395404632563228, 7.263909297264525, 27.85385172913647, 66.51221785048665
11931, 16.544381597048417, 7.00580667621498, 49.696230573861286, 41.49613435223827
11943, 14.881880962108767, 7.526606352806607, 41.96479983977168, 50.723531031720206
11960, 15.98621024948327, 6.749309551423484, 45.61296440609537, 44.028092050287775
11962, 16.47714656521029, 7.235498766473789, 49.70477777011109, 41.714556082366514
11964, 15.756982439616245, 7.654428270853688, 47.28805922111361, 45.14065014483425
11966, 16.11616509662804, 7.432840329088327, 48.344298026355254, 43.389189945809754
11967, 18.72983679471879, 7.0163553407375066, 62.67606963483252, 30.613458706242213
11972, 13.975859580697161, 6.958573911751127, 33.49003626095048, 58.07207265025832
11973, 16.129820071829887, 6.65669267734757, 46.231778015421845, 43.21072775370068
11974, 15.49974473181107, 7.160603315401058, 43.106284436636585, 48.215283877665094
11975, 18.644098602757058, 6.844981490668184, 63.05272696555008, 29.717857746240917
11977, 13.833185593357186, 7.08089435931601, 33.41825361441946, 58.48565908753158
11988, 16.853813054651365, 6.810143552909842, 51.00258896390679, 39.3654500228438
11993, 15.391518458672667, 6.566909013944323, 40.66473596090321, 48.70582379293181
11994, 12.739513194024791, 6.329980150057748, 26.581613800346176, 62.53136000311169
11995, 16.782553984298964, 6.948097712202842, 50.842179138520926, 40.23598561277305
11997, 15.20321915761744, 7.082220528311963, 42.14525434594065, 49.00071646743844
11998, 16.419063538451223, 7.000436709398941, 48.02531242175229, 43.195010357150984
11999, 15.748194954108849, 7.174868738347126, 44.36698846568369, 47.22190373546745
1200, 15.038760710219067, 7.3223516324493865, 40.6332360692771, 50.96362010542169
12000, 16.24030852481446, 6.127194941369825, 40.80052982325427, 42.34032865598742
12001, 15.119324472276226, 6.612040348530133, 38.996121981315, 49.88762559492332
12002, 15.569641094822146, 6.6167983150101986, 41.90706174128704, 46.94774398468433
12005, 18.408906638609313, 6.345716067267475, 61.748955563995445, 29.234713254842386
1201, 14.338743883211881, 7.139929895141434, 37.44677308085734, 54.409210933225495
12347, 15.79767590686699, 6.678363806357688, 43.72105091195633, 45.60069958294094
12354, 16.613099170879135, 6.744823438704948, 49.67269824374667, 39.86961149547631
12355, 16.092495195813008, 7.026501583144225, 47.16555129621207, 42.66454421415113
124, 15.602954129135176, 6.83331951504657, 42.01136568895805, 47.26209167581387
1243, 11.903974031419978, 6.656655559424395, 23.785044755953386, 67.6775460226313
1246, 13.85872312962893, 6.544815521385677, 32.81695544426126, 56.18979479681878
125, 15.635501535550928, 6.493840821902088, 41.1446249033256, 47.36363222783313
1259, 15.404785318018638, 6.424460449951142, 40.988071360709384, 46.02237939406735
1260, 16.288770858145337, 6.988376600720576, 49.99702670023191, 40.63410573053975
1261, 16.52591906361581, 7.155138946971025, 49.76180613090306, 41.32260885574887
12815, 14.41130586898784, 7.161539539556881, 37.709375679791165, 53.387172793851065
12871, 16.380852914544114, 6.913288929792016, 49.30558298118821, 41.72689335597594
12880, 17.705419710944486, 6.449720323819134, 57.00468879286568, 32.87763169991726
12881, 16.94953534137853, 6.5183599495544176, 49.96659540352753, 36.74505611972207
12882, 17.986800278140635, 6.549856982289129, 59.48521158012896, 31.662620408802567
12888, 12.106249321743174, 6.520591032138419, 23.739808367553415, 66.47860501100993
12890, 11.43465374980831, 6.7826056768855905, 22.90077187346629, 70.07094097175747
12894, 11.659570703253571, 6.745417099908831, 23.971263070789135, 68.3359662980516
1290, 11.334227841692455, 7.05443221783206, 24.11781050291748, 70.04470938897168
1291, 10.316043535267944, 6.914819918302029, 20.486189152422074, 74.22960903767671
12915, 16.042810141018865, 6.9378071181640975, 45.92075758789141, 45.075878914070636
12945, 16.275998807882655, 7.151872264936947, 48.34947532512521, 42.32762229182604
12948, 11.313284319450599, 5.59873327940477, 15.21838428704185, 74.65387704956764
12949, 6.829589205771002, 3.999192276802065, 4.520135732121135, 93.34384403610987
12952, 16.992391528601388, 7.089254185327342, 53.286020626978456, 38.17114265291535
12955, 13.604773701393396, 6.527426252587264, 31.289549981091643, 57.86209504601033
12959, 10.835260255351523, 6.120966438600548, 17.186012402542264, 74.83338908473355
12962, 11.070184867202075, 6.800094917253117, 20.69208646442156, 72.30726412468688
12963, 10.631518000430923, 6.235656319737332, 16.612633486868535, 76.05785131688357
12964, 14.002395843504706, 7.005890396701407, 34.5135572767871, 56.46200971544674
12969, 15.264537340423157, 6.779377485732654, 39.78122631873744, 49.818237729673925
12974, 12.3191280862973, 6.879306744092169, 25.79699413636455, 65.99791870959996
12975, 11.608114762755221, 6.728503790607046, 22.022148955955704, 69.35591437239928
12976, 15.77921249176625, 6.808102468257316, 43.43650277287232, 45.99146967396805
12982, 14.806905769008923, 7.117017951430286, 40.029983223672474, 50.60144918914416
12983, 14.773705062511898, 7.080621241740689, 38.82281726249822, 50.80235484024118
12985, 13.65691820945745, 6.824745377394411, 31.04191779426495, 59.993888049438894
12986, 11.324696946477827, 6.839446211460743, 22.12009623410419, 70.97756174203369
12998, 12.187104913546266, 6.998194056214125, 25.859315325324626, 65.85951372424535
12999, 11.439251216086955, 6.6424383036353225, 21.09201384005176, 70.82243288606337
13000, 15.87388065437537, 6.75127302808728, 43.7668522784797, 45.43425932621879
13006, 14.898936584603707, 7.092309924244663, 40.215422856128306, 49.865656625436465
13008, 14.778471175036808, 7.076322264123766, 38.82591717802333, 50.79463045826261
13010, 13.67509592739044, 6.831459520039645, 31.121506415145504, 59.92440806088032
13024, 11.179515824598951, 6.493026731777647, 20.739790981227017, 72.58322043739113
13031, 13.536841104838464, 6.748749299316203, 30.159601727798517, 61.32586572955561
13039, 10.585404308234267, 6.200780319236677, 16.357505782252897, 76.36103551092822
13040, 13.528822480015423, 7.147123768905664, 32.52326837044274, 58.42135033681287
13045, 15.36022232757337, 6.755645056277038, 40.08125171561899, 48.42602250892122
13052, 14.073328218899842, 6.815305155697083, 32.80206883951034, 57.247262863487514
13058, 13.555386199096908, 6.920561209444902, 30.715338715338714, 61.121797121797115
13067, 15.31501296159004, 6.903763120724865, 41.79313130057938, 48.81094766927104
13068, 15.619058536990456, 7.19302266269136, 45.66109956979046, 46.13629300050709
13076, 17.35979944885718, 6.642328440067358, 55.37573246903775, 35.41179248320419
13082, 12.831593046841439, 6.4900074100849325, 25.752051048313586, 64.85870556061987
13089, 16.899274030266955, 6.828742858588872, 52.467850960349516, 38.468592861264526
13092, 14.27906333023314, 7.597996662215897, 37.80982198406486, 55.990727918598346
13097, 12.049117558673672, 6.400367351012387, 21.959407644723164, 70.06356401560983
13117, 13.75396398301597, 7.190462032644919, 34.80431995087681, 56.24153437720106
13132, 14.24368017178016, 6.560778201832942, 35.223479228486646, 54.80573071216617
13143, 16.147929977605383, 6.3541819895577145, 44.74740829798335, 41.77574121543452
13144, 14.790838589699236, 6.464180660227419, 37.81565509361811, 51.71963532072657
13162, 17.019069503984674, 6.793030550136198, 52.90549638062736, 37.40151707037447
132, 11.523561785756986, 6.364878150655759, 21.03471105646458, 71.88550596287284
13203, 14.806719420740173, 6.882974005138976, 37.20342369636535, 53.21041234909807
13204, 15.140055448008939, 7.363910291111567, 41.44693554881223, 50.51802531695293
1321, 13.816774044284374, 7.217308078091533, 34.41197913745724, 56.87286186977736
13214, 14.332062967355323, 6.438183215561541, 32.86097636494995, 55.96449582000207
1322, 13.464414074747568, 6.9759140379584075, 31.564252742343772, 59.152727453218844
1323, 15.219186014402919, 7.4570381775078, 43.62300327903393, 48.542871064171614
13240, 17.674547011811455, 6.367395682827253, 56.01869555980454, 32.916932228595705
13244, 17.15894916571721, 6.228328880845645, 51.28677344232688, 36.70809372178128
13255, 15.016209355722916, 6.9979713551544265, 40.9336661658405, 49.51435635950643
13257, 12.273476972030283, 6.443898413029468, 23.697611143006913, 69.2019670003245
1326, 13.536729015988186, 6.982367904865283, 32.68405678031859, 59.20968551736729
1327, 12.073349987487656, 7.700675664422631, 29.827651557378875, 64.78785311364294
13273, 15.698104843333612, 6.587445492141672, 43.82960369411884, 44.44994164510073
13275, 11.704142807344468, 6.4561011044360095, 21.784942209814968, 71.36023967181303
1328, 14.072610951145547, 7.5121311959755745, 38.51927501814916, 54.07217826777079
13280, 10.753626217173759, 5.816885985307966, 15.854188810513092, 74.80070538216252
13281, 11.5356546457195, 6.203029386967293, 20.340808462771943, 72.01732762128138
13288, 15.37698527465847, 6.758395594821727, 42.365530649208225, 47.58478589588076
13294, 14.617830337439537, 6.999988467186569, 36.53889662891913, 54.026601888567384
13297, 20.47815936198966, 6.076029780104517, 76.88652223726695, 18.379595875429644
13298, 16.476715452614222, 6.756755277831392, 48.073022312373226, 40.97363083164301
13299, 16.591057016708042, 6.78076978100486, 49.45543950908278, 40.0028447189824
133, 11.800212491845178, 6.838416323966698, 23.869087376282714, 69.83043900661849
1330, 13.087301316079563, 7.4723358345054605, 32.51302578322413, 60.60063954918491
13300, 14.291049773155926, 6.732181355473818, 34.52640768223483, 55.7971409864688
13302, 17.509073057343667, 6.979414096288929, 55.388002117002756, 36.46077025150913
1331, 14.24579413855386, 6.614467140586899, 35.719865199633986, 54.06744481888991
13312, 16.99603448498683, 6.952658766308119, 51.83784482016247, 39.15664379826047
1332, 14.975863292211688, 6.41824634752255, 36.93528162981539, 48.01921811568114
13320, 17.867741175379482, 6.665790847005767, 58.383748472459, 32.48344220991808
13332, 15.82376019737302, 6.658435005304711, 42.89627266360594, 46.97688895805774
13333, 15.544630853051, 6.9246092569357955, 41.39728005776869, 48.76158382476832
13335, 15.103535428286321, 6.86255428250041, 40.745375475461834, 49.67848248689769
13343, 12.984861796268154, 7.42266451221378, 31.064592835145987, 62.26562195454722
13344, 14.91709457032544, 6.485035277379359, 37.31870115049297, 50.826045993179314
13345, 13.927342432434001, 6.696021897965345, 33.00302050765725, 55.9933230883366
13346, 12.168922982077282, 5.937223711516328, 19.33482908802956, 65.04836064028356
13366, 15.898324604102454, 6.85148199109732, 46.00997506234414, 43.8824812967581
13369, 15.244490255958153, 6.3891478944993425, 40.25192071481901, 47.8239926784037
13370, 15.196164128610738, 6.327737942928254, 39.84884919271728, 47.83334151248957
13372, 14.739866118604732, 6.336070620646923, 36.717621733562225, 50.81337366140767
13374, 14.820514442847392, 7.504422536619986, 40.24122162530711, 52.294074082781805
13388, 18.474661508434295, 6.348722088395524, 63.090360445158076, 28.514478711034823
13389, 15.546751214379453, 7.27881551701905, 45.54143932454499, 46.580907244414355
1339, 14.244621849819643, 6.028575698378654, 28.864042731367267, 57.39650996989793
13390, 15.211425135939287, 6.998995382860246, 42.99772283669486, 46.3524723487313
13408, 13.992403839319408, 7.151015000633576, 35.4197614224623, 56.08147647985595
13413, 14.017100661524593, 7.125171390234389, 35.431464490563215, 56.068487444324575
13419, 13.615245063389667, 6.9963172636257935, 32.415775604869445, 59.67464448267602
13425, 12.777253011539623, 6.959818760148373, 28.709851261047643, 64.04289717611555
13431, 13.18488275366797, 6.894752379667955, 29.4984243697479, 60.91911764705882
13432, 13.507311678951003, 6.996140238489476, 31.88448649714173, 59.87778434851173
13433, 12.584004618801282, 6.698952810718707, 26.41224665804226, 64.56600751555473
13439, 11.553588999885093, 6.3015390399711375, 20.447183038239377, 71.23648081175119
13444, 10.97556417345, 5.737325195578729, 16.15214336232789, 76.35550330207309
13485, 11.403238733376158, 7.269534473974643, 27.070082537052926, 66.28849510398486
13488, 17.103403778665935, 6.775878030982629, 52.45865490628445, 38.02278574053657
13491, 10.594051344482107, 7.198020584035959, 21.620079068990478, 72.05857787181914
13528, 12.783969712252496, 6.89163965322332, 28.75778273394666, 62.75322925378683
13533, 11.113117604975, 7.544655911086497, 25.7323191454928, 69.21254017062401
13539, 15.200690185905401, 6.155775760833329, 36.9480511074577, 48.78380302657639
13540, 15.990517191782606, 6.458469676536341, 44.32572476786626, 43.695985173698446
13541, 13.615172084569162, 6.875946110658677, 32.41607300833449, 59.3565209293663
13544, 12.335397937447786, 6.141192790592938, 23.38142378430921, 67.00048602051518
13548, 16.173741281339577, 6.796281032208161, 46.14374034003092, 43.79572385368367
1355, 12.956395254113213, 6.229283288633957, 25.578611869444185, 62.67432321575062
13551, 16.15566892592413, 6.804537512511217, 46.075946125876996, 43.857223331797
13554, 14.202843731947455, 6.849232163999395, 34.1012545247186, 56.0926265681559
13557, 13.914304228052469, 7.260622726885509, 34.40116917890784, 57.058277594649084
13558, 14.93617665113803, 7.010261936009269, 40.21038344078724, 50.329996606718694
1356, 15.55921706123053, 6.3331588753321375, 40.47133894578798, 45.60700305646415
13566, 13.937434023463881, 6.701437623706602, 31.249512214157498, 60.77161216472853
13568, 14.991652043013106, 7.385594463632878, 42.31877928524524, 49.21479370944585
13569, 14.663238717785044, 6.636960567404772, 36.839555115075434, 52.77502477700694
1357, 12.80448076863398, 6.6904352121050215, 27.545916323075133, 64.94978609003607
13577, 15.367048933225814, 6.512877238078679, 40.354123190120696, 49.0436952733375
13579, 15.287209306539333, 6.444896553748568, 38.297774136598086, 48.956301997392195
13594, 14.840650027066435, 7.225080116664094, 38.08528299566514, 53.12509607403081
13595, 16.860694500422376, 6.811316095316963, 48.10021439234922, 41.965899269270054
13597, 13.407018082171678, 6.883909267931017, 31.017920056776415, 60.72035079715105
13599, 14.06640834166989, 6.758926582691268, 33.46987799481636, 57.43599468992983
136, 13.118813213355962, 7.03263173658675, 29.845460399227303, 62.31300259063478
1360, 13.906207894785384, 6.233161784121979, 29.0265658642405, 59.3628077900633
13600, 14.167079884332818, 6.64045969525175, 32.81047980336161, 58.01116746941734
1361, 11.7305126983395, 6.487635751008159, 25.034104656250804, 66.37666984118813
13617, 16.727861620720137, 6.749937754187151, 49.95246133845587, 40.33800958534645
13618, 16.561823230539513, 6.526108642487243, 48.853627531099605, 40.45446290747299
13620, 14.482981749390646, 7.033715479958469, 37.1391192295964, 53.486587777023644
13625, 15.7685241487558, 6.953388058057724, 44.77613225417599, 45.49250904081281
13628, 19.021516864128948, 6.90062821890195, 66.02073550606723, 27.312287879492303
13629, 11.1346242587731, 7.427523278163266, 25.225753871230644, 69.88861722358055
1363, 11.803545975215833, 6.535840114347815, 25.681743233302047, 65.65789807463027
13638, 15.617597659048775, 6.984349359386492, 43.69260438349455, 47.015427941716666
13644, 11.659751344792264, 7.324506910959762, 25.741890959282266, 68.84594739667203
13647, 12.486160139437715, 7.375462100826175, 28.92113660537912, 64.38839082206351
13650, 12.278296162192259, 7.393551763246151, 28.216543089826178, 65.47496049592804
13653, 11.942998195323739, 7.431360738164698, 26.904516207357048, 67.45325968192303
1366, 14.433984517669774, 6.4025257608128054, 35.69494786772274, 52.754284691457464
13661, 12.10303436003728, 6.816943383869307, 25.347500105303062, 67.19177793690241
13662, 13.063188196571499, 6.755739291480726, 29.280324429021064, 62.080340569768374
13664, 12.769157720450444, 6.181129890419556, 24.617949975478176, 65.78911230995587
13666, 14.733587655316224, 6.7821641104833414, 37.92920991601558, 52.60284151036858
1367, 11.709222027147394, 7.137107025678104, 25.091990155225773, 69.00601895850087
1368, 14.659210130936481, 6.66899426764538, 36.37264004952027, 52.31816774992263
13680, 12.333402316935041, 6.6059662580407625, 25.12982782689623, 67.48068869241509
13688, 14.48637862905649, 7.1837810973927825, 37.385100667833115, 53.87146060770349
1369, 8.706831077977654, 5.347660447764603, 9.663478750063929, 86.37293509947322
13694, 15.707380725887718, 6.748707319924937, 42.260903506407814, 45.10097302119829
13697, 17.081877876328296, 6.675666593581322, 52.76177230280151, 37.472680309954306
13698, 16.128343136164833, 7.01772434144026, 47.741367648137434, 42.49635310129006
13699, 16.60065058162496, 6.168570896242596, 46.74721653602277, 39.76151247357998
1371, 11.124388998148765, 6.46708085417927, 20.54112890685741, 72.20753641217021
13716, 13.223239951757893, 6.679077633146244, 28.623974346882957, 62.29773244769
13717, 14.396530786824417, 6.5734610233032695, 34.0666820960342, 54.45795270445046
13719, 14.33427551410312, 5.859874839708623, 30.13361328497805, 52.46611948845199
1372, 13.548259852194903, 6.8363120320896975, 30.875970220180584, 60.00950419768731
13720, 13.656820899705052, 6.939744492797434, 31.857724580454093, 58.21353652517275
13723, 13.542903331055905, 6.101726218418959, 27.106933397605847, 60.63040625585817
1373, 12.929718862930308, 6.254229499712667, 25.774296902812388, 63.702385190459246
1374, 16.11212011980959, 7.1464136051760185, 48.27990396836605, 43.66120604434402
13749, 15.799122526990036, 6.909861511185587, 45.11201048851394, 45.302969845522426
13753, 16.36090803729124, 6.757627463474075, 47.7131377621223, 42.40189333480103
13754, 16.085127178910643, 7.035342620707585, 47.187834326761426, 43.63441846247898
13757, 15.768366930875382, 7.1455435060268995, 45.25025223958174, 45.90760387684594
13760, 16.174166950011976, 7.1019706694158495, 47.664945078926316, 43.633156325016365
13763, 16.37943441202531, 7.007019909389848, 48.476032141867556, 42.451163757273484
13767, 13.020783290274078, 7.136252017758152, 29.702089329261593, 63.3642375376233
13779, 14.504398489633935, 7.2629447529702285, 38.45915937277704, 52.33352921164136
13783, 14.061032461660727, 6.98727019057275, 34.60231768045795, 55.73447510898062
13784, 14.005659860256824, 7.171941746569649, 35.09922373857518, 55.38374859146112
13787, 15.800879369833062, 6.9801738050000885, 44.46172129235759, 46.167686617723824
1379, 15.008793537994695, 6.607680012969437, 38.666922986553885, 50.58793374130916
13791, 15.77122982821497, 6.98623493116267, 44.341713231473925, 46.26827690774336
13795, 15.842972853082765, 6.943629937153351, 44.53931800089421, 46.00495087294577
13799, 15.830658287997604, 6.968658743504552, 44.5620981914444, 46.03363513002469
13803, 15.05554646141237, 6.948145426957419, 40.018120746044374, 50.9038274551401
13807, 15.52957553532115, 7.31526955428789, 42.92732508893783, 48.58970015246485
13810, 14.978602597688846, 6.9789188673003055, 39.74080397330436, 51.16848850358085
13817, 14.965190111356652, 7.022647811566273, 39.90061807995019, 51.01605229223176
13832, 15.43004965470095, 7.328529228573814, 42.48219131614654, 49.04808344640435
13835, 15.647881246074084, 7.632088171203644, 44.9191903611154, 47.78737552916174
13841, 15.415845984451373, 7.335996741518418, 42.88015114676413, 48.106793861211344
13856, 14.102974515852814, 6.848338401261868, 34.25813711911358, 55.93980840258541
13858, 13.955212481999443, 6.793541553428032, 33.55037569785722, 56.63815406706857
13859, 15.328831218606771, 7.307501164132343, 43.6130062418348, 47.40407412783665
13875, 14.131001202866722, 6.793962517515465, 34.160044246499574, 56.069338922364864
13877, 14.048731459311583, 6.71097184287371, 33.679779788429016, 56.348981027736286
13879, 12.059440606095416, 6.9251944417181965, 25.1507202356298, 68.32037062604506
13881, 13.10086961295951, 6.822240295098898, 28.63280650606107, 62.972482225973096
13891, 15.446810361226824, 7.618278571329519, 44.65078931182943, 47.42704845212875
13892, 16.55498948529846, 7.185037855961773, 49.75687157700773, 41.58775656446742
13893, 15.41107405555238, 7.32304170981278, 43.350184217290725, 48.15354296975409
13894, 16.519781377233166, 7.327901771620712, 49.981104850900095, 41.830424625532494
13895, 15.30253342730687, 7.564102659980262, 43.469584562649786, 47.83115159500826
13896, 15.890112768600265, 7.217475943600807, 45.41112821230353, 45.863532484492325
139, 12.78429753733963, 6.871840814392254, 27.18120356114867, 64.68304438048062
13945, 12.19809309030333, 6.189751016235713, 23.43518816339659, 67.7763482363032
13948, 11.367138859278354, 5.797325780123893, 17.886510243141704, 73.87644431842347
13951, 12.255513164887775, 6.200372556159084, 23.704502561337286, 67.4801833378269
13963, 13.76073832562708, 6.532498024731623, 30.4394395553497, 59.173807318202876
13964, 13.747416248776696, 6.542436921704682, 30.431383902721482, 59.20526925303995
13976, 15.279181005748304, 7.6177254142346005, 43.70466364845078, 48.29594223875322
13977, 16.636948205254352, 7.1126502285227, 50.611308791042006, 40.47791699691394
13978, 19.647098967806695, 5.8889571297552, 68.9664843640443, 22.212873369793858
13979, 16.454656568019715, 7.15075945767251, 48.940377205435006, 42.447441357398766
13980, 15.914749607191986, 7.152350057265361, 46.033557046979865, 44.98154362416108
13981, 19.004918568054315, 6.271339524133009, 65.4720732006209, 25.317937964652376
13987, 12.861321193503157, 6.36883553928537, 25.901534247373714, 64.49812772281555
14006, 18.38536937853044, 6.874068381050282, 60.87790703089346, 31.676740958749733
14007, 18.37397352857979, 6.887689952094762, 60.86019117415725, 31.73528023762596
14008, 16.775572643176538, 7.390017629193656, 51.73602466629642, 40.704176800658786
14011, 14.983273025834377, 6.989568547050698, 40.502543003899696, 48.67296843646277
14014, 13.932211911510585, 6.788695092100602, 33.6815572600258, 57.21374910154289
14016, 11.537222312813006, 6.206656739011731, 21.11583859456492, 70.64461524384664
14017, 14.352148145354226, 6.757454134833046, 35.57440406712837, 54.66630353020518
14018, 15.694273380308125, 6.951866151812717, 44.16064971106599, 46.30753150642143
14020, 16.966902693657726, 6.953730001894947, 51.69900465263674, 39.03173299915014
14021, 14.648880995256091, 7.66253260714125, 38.962794957909885, 53.7728442447769
14022, 13.756111929120221, 6.622982104696535, 31.580949275952946, 58.386991604857776
14025, 15.676623521244126, 6.825136887869173, 43.414659685863874, 45.78429319371728
14032, 15.574902857632637, 6.408846305712399, 40.686045329809936, 48.34027848358573
14046, 17.06625662429501, 6.6174127451786475, 52.438356164383556, 37.56164383561644
14047, 17.48971362131444, 6.816576527635447, 55.02324716384601, 36.36972289380695
14050, 15.791800602018636, 6.760374246085646, 43.79583455558815, 45.08418891170432
14053, 17.40109308800855, 6.78418656775801, 54.53297420707459, 36.634608927918585
14056, 17.02403658726659, 6.607754223589891, 52.251477381420216, 37.720865741804886
14058, 17.030636522010333, 6.605268647767157, 52.27990736835875, 37.685244785770834
14059, 17.320781554284405, 6.554750143523037, 54.11409829786216, 35.96394627851859
14060, 17.280104977139917, 6.561649195465341, 54.04913448092965, 36.113120208303194
14061, 17.156931990164907, 6.533192083758398, 53.24648768283294, 36.64838337182448
14062, 17.2949419918823, 6.637733898555856, 54.55884127942065, 35.981894990947495
14063, 16.130986995152345, 6.774203351570045, 47.17019015987484, 42.062728497209925
14081, 13.518243522202056, 7.137233018682943, 32.28940984159521, 59.38428406481493
14086, 17.338829248289404, 6.737741152495581, 54.265921787709495, 36.7731843575419
14102, 15.318251463215907, 7.116087227357048, 43.23515367504047, 47.34053084564947
14103, 15.216753726796606, 7.1527676261487665, 42.77246218879854, 47.86065838791957
14107, 12.493790605615805, 6.398650650961199, 24.81080920033369, 66.32254796806102
14108, 15.774417871250877, 6.957905274293405, 45.446045621169176, 44.82717680058176
14112, 12.125449052725157, 6.958111638056339, 26.618388217448747, 65.08880951215932
14113, 14.98894866423813, 6.2118284965312505, 36.62968480476713, 49.64226909204955
14114, 14.473348095281116, 6.358576440843841, 34.256242679553935, 54.28695164322483
14115, 15.999467727816654, 6.105312663159867, 43.72298586503641, 43.66749737159768
14116, 13.811539034855992, 7.480978625615823, 37.0562989617302, 55.68330896960156
14119, 14.82870246303038, 6.456811511371322, 35.939777453873226, 51.18916420775712
14123, 12.421203997413391, 6.376035306130725, 23.95905829273561, 67.21063620437255
14128, 16.35439621226785, 7.119940497059098, 49.28745597399079, 41.73665673259279
14131, 15.412013224591753, 7.255848037489728, 44.54740217919903, 46.96712800494197
14134, 12.516381954065086, 7.0181673112139675, 28.182306632092878, 64.4193706636765
14136, 12.541503439165362, 7.056703537950045, 28.43132719618818, 64.07457093953832
14139, 17.171208665289218, 6.658295196205307, 53.55327686134641, 36.545442965416214
14140, 14.783668985014648, 6.912936147655206, 38.996216560083035, 50.56751598754479
14144, 17.23082668606988, 6.903630080168266, 53.66951124903026, 37.45280579260409
14147, 13.100329829139465, 7.3152001793807635, 31.2657156214857, 61.54963925146259
14151, 16.989909282284877, 6.668512201060196, 51.77125049898914, 38.68163848719369
14153, 16.81368814618122, 7.111124557034977, 51.18092836437847, 40.213957962329886
14161, 14.985516925383715, 6.789474337373103, 39.13477949434476, 50.9563940891927
14166, 14.960942903438582, 6.7712078554203865, 39.40982827665784, 49.13459580533496
14170, 14.676590505524116, 6.765057491524693, 36.18755021143982, 53.81253807241041
14175, 14.191582239618835, 6.780180121012661, 34.26942444546173, 55.58366973240667
14176, 16.22171841563336, 7.336388920800277, 47.90562036055143, 44.359756097560975
14177, 14.493047143974895, 6.703664365493982, 35.06801068739374, 55.2847080051355
14183, 16.04690346299848, 7.327098541471728, 46.80246827010728, 45.09852044036183
14187, 14.117215238369834, 6.816392708639822, 34.361157504901605, 56.30763924188512
14193, 14.942653753022439, 7.126533473658102, 40.403766682474085, 50.49793374432626
14197, 11.623808480814263, 7.2361182113523865, 25.922926605989122, 67.85557100857349
14201, 12.210393289927342, 7.224017661824721, 27.738047126214617, 65.37576215494369
14205, 10.982000990780477, 6.794161329924844, 21.149312977099235, 72.67053435114504
14255, 15.848510331207025, 7.479073312065053, 47.425567915901645, 44.98253951110631
14270, 12.538717994371435, 6.886093697787477, 26.848720878710854, 63.84645880459877
14271, 11.609111032324547, 6.604450159787273, 21.36997501703384, 70.33113786054963
14272, 15.273555339723465, 6.790899750313803, 40.2918409632902, 49.50252159974979
14274, 15.798736866335718, 6.796324291300168, 43.90218821980915, 45.72536196117144
14278, 14.803231421020369, 7.049911994425579, 39.05723499076076, 50.73008128117489
14279, 14.85242888688417, 7.09634825426713, 40.41836304927699, 50.23398380832046
14281, 13.710602335236578, 6.866521392260267, 31.593987446316486, 59.550710274198885
14282, 10.360188739830132, 5.980170598292721, 15.865648471923855, 78.1647405641886
14289, 16.59490939269356, 6.89762730907582, 50.59242119460949, 39.72768391800286
14290, 15.702052451061213, 6.9517824970727355, 45.1098244433357, 45.28851397607417
14294, 13.163922884145483, 6.71351760193082, 29.802731411229132, 60.77527934887571
14307, 11.534843597387544, 6.933172078386261, 22.692376855297194, 70.33184402362608
14308, 12.135504290141384, 7.025828251987233, 25.69150667100553, 67.46610261416639
14314, 15.613495623999206, 6.715884416964789, 42.829264510125746, 46.50736006823733
14315, 15.613294240335138, 6.676757260742238, 42.57078361818768, 46.73202192841019
14316, 15.35960828885971, 6.722190731781019, 41.57339391996432, 47.677125294453816
14317, 14.73875476766575, 6.782899430866879, 38.06855206568487, 52.328200927184376
14319, 17.14014345988935, 7.079244658665815, 54.34880501676146, 37.09868410080222
14332, 15.855586810740116, 6.793684769493842, 45.15962392809175, 43.88194372696904
14333, 14.995204750236228, 7.091652860996285, 40.79260101271055, 49.97416554717371
14336, 15.726457263331634, 7.0517612366494165, 45.14472310919594, 45.795744592904896
14342, 14.215953166385349, 6.818551595389993, 35.36491848097889, 54.44937152002134
14349, 14.433725070991777, 7.22934676323939, 38.047689684946974, 53.485952133194594
14351, 12.623865338661668, 6.944547681282476, 26.527586326726826, 65.40444114955577
14370, 16.391695002706808, 6.943131865834555, 48.46924688570918, 42.224423835896765
14373, 19.692185102079602, 5.402869510448043, 70.71481432285242, 19.427313611263973
14377, 16.477805413124845, 6.938564085939872, 48.97564746810978, 41.6988790104368
14379, 19.73143973698, 5.379191866997945, 70.92656583394702, 19.182764025000473
14387, 14.510155542452692, 6.6594866661393874, 36.817751017449964, 53.75369348274517
14389, 14.073841935738892, 6.584407909199693, 34.12808133228407, 55.5522470595742
14392, 11.924185015722644, 6.342611105952124, 22.740643797951662, 68.82226517943977
14395, 11.27918729775037, 6.400606310308086, 20.834415908863797, 71.19016688318177
14397, 14.818238694027032, 7.168558621554185, 38.6578600501166, 51.55346977795159
14402, 14.682719229539062, 6.6717994825620925, 34.06082766763793, 54.27640975832715
14404, 14.15025661658504, 7.0839661317479745, 35.2287166454892, 55.937391706133766
14409, 14.284642130880624, 7.0825139377733075, 35.957664098041036, 55.01191470925014
14414, 14.313302186045432, 7.131156802294769, 36.276726679451585, 55.0047227867304
1442, 14.719651319738716, 7.127045289434376, 39.72400352068402, 50.823588582924685
14425, 13.975730083666488, 7.187796049795149, 35.46608589871878, 56.991778994251185
14429, 15.925258429094836, 6.87665062158051, 46.37264227547966, 43.87281627728928
14433, 12.811660886113417, 7.1418008196569795, 30.902942885824487, 61.31029745865695
14435, 13.878356230162613, 7.101403686327572, 34.99517045202797, 56.585465275993165
14437, 17.327592356731188, 6.67195448994288, 54.12483520941082, 36.520129804279485
14439, 11.734846953578932, 6.892414872802975, 23.50034264094125, 68.23477178182942
14440, 11.238635504287705, 6.545232974757906, 20.01125939051627, 71.689093157613
14441, 15.58087261167199, 6.901465592732413, 42.64605267188825, 47.62016604205173
14443, 15.911175524372997, 6.767980873667696, 43.84784815046751, 45.476041374246904
1445, 14.410574271697437, 5.884347301500574, 30.368890255149093, 56.861358745773124
14451, 17.535818460805455, 6.2432238269441065, 56.63253186940801, 33.22732191401198
14477, 14.122589851796837, 7.032726849528172, 35.35326440992313, 56.211153943425586
14478, 14.461672815430788, 6.901680733935315, 36.12131921747697, 54.509984831188326
1448, 12.561140069173733, 7.474755095659192, 29.327146171693734, 64.0139211136891
14489, 15.313165599753896, 6.594558721277443, 40.07036293333776, 48.06750858792878
1449, 13.499467515594386, 5.931295049389248, 25.613864691777703, 61.817464412541355
14496, 13.68798824486996, 6.610327169045173, 32.04614225009012, 58.21526495745169
14504, 16.079503785881403, 7.044886310699733, 46.94110125913779, 43.83703477221558
1451, 14.289938911138224, 7.027287159141403, 36.44187540141298, 55.165061014772
14513, 11.974610993275729, 6.950430614731834, 23.96263492153903, 68.46751915245066
14521, 11.387216983675419, 6.847624214761648, 22.351310586604704, 71.47690677102442
14522, 12.479641819226686, 7.076488002897354, 27.136666044281093, 65.83692842893504
14525, 12.996784215465322, 6.765009923262929, 27.916774052853828, 63.8062290596935
14529, 15.077138925417954, 7.044042159997631, 41.43980165094108, 49.25176359468315
1453, 10.655819758297836, 5.176422044359423, 12.385105669238511, 80.37906742703791
14531, 16.914976285214024, 6.500899391978378, 50.836947602860164, 37.33325518696519
14533, 14.59826351011009, 7.342285138971084, 39.62979820967987, 52.64754968896981
14547, 17.5418859136146, 6.671473029915728, 56.20265678097004, 34.48748841519926
14549, 15.279216395632266, 6.516418131891262, 40.750266174416836, 47.63277609546328
14550, 14.5724744838958, 6.741537416514849, 37.04102336608318, 52.79731213683667
14552, 14.774354394250544, 6.899061080039318, 38.67217299454258, 51.48685523150049
1457, 10.456440658303169, 5.242361006721274, 12.532084188911705, 80.64681724845995
14571, 10.222385047398111, 6.50860235303169, 16.16196838447609, 77.08486272206724
14572, 14.733777219031289, 6.917886721758166, 38.56330984314617, 51.704932939304385
1461, 14.0947952032276, 6.148014411178919, 31.450990912444247, 57.382381543207806
1464, 11.842410962604104, 6.969247660498759, 24.40917442818222, 68.9507698156244
1465, 15.527616657314878, 5.882358269491317, 37.67317037789222, 50.025386233408284
1470, 13.026105610245896, 6.679216367523543, 28.934023917346856, 60.59874718659327
14711, 16.605700970981108, 7.240734284392753, 50.457833340301875, 41.26144583350755
14717, 17.66538295450324, 6.858376909462653, 56.277599695142456, 34.71565309004506
14718, 17.820134879771512, 6.872504298121886, 57.771559908064354, 33.80233836314579
14727, 16.420358948737153, 7.313005847125749, 49.780991302525415, 41.877816200356285
1473, 10.226009361735505, 6.714288744471178, 19.877649325626205, 74.53275529865125
14733, 17.775547813733088, 6.882202955755596, 56.995644560190385, 34.403484351847695
14734, 17.799170207218804, 6.867957002956167, 57.63277208540556, 33.944514350769964
14744, 17.625960126262804, 6.895496634259708, 56.014961721136125, 35.79107409550207
14747, 15.925787727239054, 7.119671595107894, 46.19891008174387, 44.98266039137974
14758, 13.810138035498639, 6.535617107296948, 31.40832811617218, 57.97767564018385
14759, 14.431206126118461, 6.955060727689743, 36.60264860977948, 54.17215963566635
14761, 14.52440102486544, 6.957273689146382, 36.88039493056959, 53.826611622737374
14762, 9.614270509165156, 5.810158735162252, 13.508731956413932, 80.5363820348206
14764, 13.61957468109867, 6.989848162705169, 32.73405414466516, 58.9822032240941
14765, 13.700595233529128, 7.024798569913703, 33.18486147295291, 58.637980782698826
14766, 13.765780184743644, 7.068164088206233, 33.39352201786065, 58.53839478178102
14767, 13.745770417074214, 7.0626480917346495, 33.4787777078526, 58.46444304594084
14774, 13.989385079320215, 7.372628656488926, 35.58856117025007, 56.44801615685614
14776, 14.978595221255924, 7.0298272849662995, 41.220668595306975, 49.05094824815172
14777, 15.759805516922794, 6.614358725890719, 43.75656611136125, 45.28907565827872
14785, 15.711375358053186, 6.991224503671641, 45.17552436256047, 44.84819629481631
14790, 16.06454546979519, 6.717676767965578, 46.363008755138544, 42.99039758998337
14799, 15.204943071613718, 7.137785250655176, 43.42086370431683, 46.856761573350674
14803, 14.671454511701716, 6.990642464232552, 39.03569539259893, 51.285991384739404
14804, 13.716690317136667, 7.592679213811202, 37.02393075356415, 55.236761710794305
14806, 15.13209824927038, 7.01546894344448, 41.56507663513582, 48.368657999898836
14808, 15.077837221203266, 6.933322570827107, 40.65912070535723, 49.02472953633371
14814, 14.925958644581833, 6.920743189335726, 40.081447413740705, 49.40940494762648
14816, 14.54105654415733, 7.157503681178214, 38.98338914639285, 51.64888780466168
14818, 14.363640494012715, 7.066863906570069, 37.37254846349107, 53.86644355261851
14819, 15.902693929337602, 6.863541896844723, 45.389331590013605, 44.86986942770818
14838, 15.428848023061429, 6.574576506903528, 39.56682352580512, 48.707061726881165
14842, 13.171754039969017, 7.477069879707894, 32.24223999447256, 61.356295234311574
14877, 13.908040035727058, 7.093038542409144, 35.401400687374355, 55.56059918293237
14878, 14.752482259077036, 6.9517721238782775, 38.617407856030454, 51.237238276518426
14879, 16.834096937715188, 6.999438884571095, 50.16004676148857, 39.9309711359145
14880, 13.363551136208262, 6.959910555850693, 30.988324320192618, 59.821138522099716
14881, 14.80344446660473, 7.026313238949045, 39.152358884752715, 50.903099597356224
14888, 16.305243372311, 6.99334732731512, 47.05997483573326, 43.18327974276527
14889, 20.827317585169766, 5.844666384905947, 75.12213120802893, 18.652497970629472
14890, 14.381792665273231, 7.276391224772589, 37.684263865855904, 54.75400773908237
14891, 14.457330838363536, 7.251922039644914, 37.928206997084544, 54.435814504373184
14892, 13.09916627528249, 7.3535193201459474, 31.886792452830186, 60.366638078902234
14895, 13.056140792367767, 7.521635696748518, 32.07320603402987, 60.982513321396794
14897, 12.338656187028112, 6.529688799177918, 24.15354386764245, 66.25281202836233
14923, 13.713593851703997, 6.629333288173867, 32.30636237897649, 58.390963577685575
14933, 14.313136944082329, 7.169283097377518, 37.17683091613368, 54.139266732726774
1494, 11.864545898998621, 7.540369891572012, 28.38663489168064, 65.7006678631322
14946, 15.165590813005268, 6.927622646819208, 39.830919782836894, 51.32227953542446
14949, 14.711455170994503, 7.221605877695157, 39.09775292415977, 52.97541086295456
1495, 16.53052457032449, 7.6218502709946545, 50.99342928660826, 42.483768773466835
14952, 15.741788132700574, 7.018334665347269, 43.817504026308974, 47.07796961403746
14954, 13.415161744467287, 7.095398814650664, 31.76780409874941, 60.66748208981303
14955, 16.289977168066805, 7.00127166295149, 47.579422012707525, 43.45289335246294
14956, 13.9432236160622, 7.468775139064576, 36.09513950384774, 56.03477306459459
14957, 14.186756530800746, 7.05252165232129, 34.86663066382879, 56.18348740430128
14958, 11.77135175845102, 7.265442949295255, 26.028203652346814, 67.38265920150698
14959, 16.76899316027865, 7.1921579219124805, 50.356686087821515, 40.71479323575387
1496, 14.832242262456408, 8.115825673281842, 42.60901414967036, 52.29980336970351
14960, 16.903437772937043, 7.18046238960156, 51.446684236769, 39.25065887883753
14966, 13.065812710059108, 7.097087270683642, 30.79395362488993, 62.15585559142941
14971, 10.425008082228482, 6.731645382542193, 18.985433574646358, 74.63408648705499
14972, 10.277278286147485, 6.767876153846935, 18.68459012368413, 74.95933462234909
14987, 9.899271369420152, 6.39555232060099, 16.42477402401489, 77.79778342802224
14989, 10.373880646157197, 6.4923214548026085, 18.37943708289003, 75.56581874455944
14991, 13.547567075618659, 7.657647692708966, 34.86962190352021, 58.79726205997392
14992, 12.846687270904008, 6.612834607586243, 26.107086849376447, 64.26455579618151
15009, 16.23401777268981, 6.618459431670554, 46.04683795422655, 42.47955678134224
15013, 17.133516118577315, 6.779622410276161, 51.765894582140504, 37.87908941994152
15015, 16.187450255104675, 6.633702451225672, 45.79234706905147, 42.76959741254575
15018, 14.47250625333944, 6.907843124299143, 35.98342541436464, 54.61602209944751
15019, 18.179754641191373, 6.919051469988094, 58.6771798208681, 33.09091836995075
15022, 18.252458101930007, 6.7139700409901515, 60.71324285551055, 31.440831820432415
15024, 16.981439078928826, 7.1196063757438, 51.490269693573, 40.08805218307291
15025, 18.441570976149087, 6.686695903581282, 60.71343279830064, 30.620042986965647
15028, 17.356788411612307, 6.755040323938494, 55.00018823647521, 36.347208453072646
15029, 10.296612621264366, 6.3279185946370236, 17.27068305931139, 75.90456443652718
15030, 11.088251193503233, 6.915750154889389, 21.98895966029724, 72.34649681528663
15040, 12.186758897807774, 6.4154714691323305, 24.064958722530132, 67.83974781339225
15044, 12.501370720190804, 6.5218515881220025, 25.80973879393744, 65.78781038374719
15051, 12.071547960827326, 6.899539358219622, 24.601886771338087, 67.8420752246556
15052, 13.001873579822355, 6.506683701854553, 27.118684404674077, 62.2444608391442
15055, 13.495338498710572, 6.94156502514441, 30.651363403757586, 59.28942174135536
15061, 13.513052285016851, 6.778832624700575, 32.58004013483205, 57.903020605170305
15063, 13.566180532696233, 6.82724377067108, 30.938452921774847, 59.905719086439724
15068, 15.349184827520524, 6.685750083928531, 39.75441582908566, 49.035546587355476
15069, 15.971104132121313, 6.609426997383798, 44.089616333603296, 45.194281732055074
15080, 15.408887107506095, 6.582636930731333, 40.04972754639333, 48.65583203139885
15081, 15.896415527128841, 6.626458952877578, 43.87771414600201, 45.53182685887852
15084, 13.328802968560595, 6.872478893999856, 30.644582397277574, 61.04590107275314
15096, 14.165980660138208, 6.800502997957082, 35.21386140837478, 55.6589895904686
15109, 13.660265152818917, 6.876807549335562, 32.58525211308657, 58.91307759567742
15116, 11.901995258168679, 6.297238574937009, 22.473729324740468, 67.90183815359218
15118, 16.31227827860767, 6.649296068539086, 47.006019531907725, 42.015701296514564
15119, 11.660483497757152, 6.677305894266523, 23.33710893254697, 68.88059992969573
15120, 12.989557074403429, 7.508352490968141, 31.91552964789785, 61.51645207439199
15121, 13.035429729192307, 7.505066480750929, 32.134287518417175, 61.32182698379288
15124, 14.341781343483273, 7.038701038676662, 36.81841126598057, 53.63496821913857
15125, 15.465951331824222, 6.775561448712922, 43.49506042021214, 46.49734022626807
15126, 14.966783797343021, 7.3212537747044095, 41.1029944794513, 51.034405843974795
15130, 12.586921852865688, 6.973062604312468, 28.152861238757314, 63.599230195200505
15131, 12.616335682898281, 6.971454637627587, 28.25641025641026, 63.45167652859961
15133, 14.738306566085537, 6.536181434815622, 36.34234257680846, 51.99682485978633
15136, 12.201052397960432, 6.960890994967731, 26.3632242753913, 66.54667626589872
15141, 10.244809535242899, 6.283018177863773, 17.028601694915256, 76.40156453715777
15147, 12.163409260715062, 7.021123327203493, 26.537162676077763, 65.95728497976818
15150, 13.883683694446294, 6.488984529269541, 32.47907949790795, 57.103874840822265
15166, 12.86185801394289, 7.017811638193284, 29.808041316228856, 60.731952668858305
15173, 15.892604447853952, 6.872062791864233, 45.06547069031575, 45.07448558743323
15177, 15.285289850966208, 6.780787695688379, 40.34748676019697, 50.253646752764105
15179, 15.132687331891665, 7.123452288629653, 40.476285931924785, 50.97021208355049
15184, 12.447530279460498, 7.145032932897567, 28.587069677280397, 64.56725419104713
15185, 12.639426630974576, 6.786975762864811, 26.97654504341776, 64.10174072438754
15186, 11.908883451885497, 7.352599486170149, 26.978395857718173, 67.07996905191739
15187, 12.638864562452948, 7.243225707357057, 29.644433727788698, 63.27391772081463
15188, 11.899740083890904, 7.377657228383834, 26.98761981226521, 66.96898510214399
15191, 14.805720577131314, 7.199636768874492, 40.29607530992642, 50.718878874863684
15192, 13.733741230306892, 7.081414031614919, 34.38466837853072, 56.75455627231164
15193, 11.94414989402326, 6.7783053510217375, 24.736828624849526, 67.85723433137822
15195, 12.736602990245782, 6.618363373771437, 27.577589064850944, 63.852548899599626
15199, 12.24767472606553, 6.537047157095908, 24.517752306402013, 66.9823408815581
15200, 14.780586027683809, 7.297327575216259, 39.51134420510231, 52.139733982120106
15202, 14.984954174048086, 6.427764422260029, 34.474156969093634, 52.45957914249425
15203, 12.93401723704597, 7.258486385419154, 30.041713014460512, 62.70578420467186
15204, 13.868476416213902, 7.460233642310334, 35.11935634018219, 57.79107653434404
15206, 12.887042102608131, 6.58278378132468, 27.134638098987768, 65.36444111408868
15216, 16.327190700337148, 6.972048266335019, 47.36246294610555, 43.329131946875805
15218, 15.794642756757403, 6.909130377356675, 43.18930016156659, 46.82272622359358
15220, 16.807618038800914, 6.912668991933662, 50.83036216926252, 39.41874648151623
15222, 15.596123317869594, 6.997331828607932, 42.53928927105346, 47.93533969734509
15230, 16.470451513295146, 6.7225903399024665, 48.55015368630677, 40.60695268193428
15237, 14.786133456888061, 7.345846341219622, 39.27220990296987, 52.697489008805775
15238, 16.50300537162911, 6.693850575652937, 48.689039917110094, 40.6002493721792
15240, 16.73525903640169, 6.708471139499471, 49.4544493857602, 39.99383558627977
15247, 12.278361785041643, 6.76632585404961, 24.925288748889425, 66.85512748027892
1527, 17.70484223441861, 6.747767653421539, 56.82031306355045, 34.50431604510808
15287, 12.678890970905217, 6.6858279824525795, 27.476431758079816, 63.91384217857359
15288, 11.342387283629263, 6.374371643899195, 20.221041901389558, 72.72063951928752
15290, 15.044008681006975, 6.562556349085437, 38.37983022371563, 50.67092581130074
15292, 15.00698168781131, 6.678859612938222, 39.640241298897514, 50.173529379564044
15293, 16.67720137180052, 6.208423595942328, 49.45121083790202, 38.81684777256164
153, 12.399995317873415, 6.6457274553746135, 25.732188116023657, 65.73641227823148
15302, 15.130265614409671, 7.222018302329767, 41.44425485335308, 49.84707511026689
15304, 14.723636075284748, 7.396745998982319, 39.37414683876765, 52.44587285953727
15306, 15.032227914507365, 6.980330359208027, 39.63622152383123, 51.05111462115908
15308, 14.038195238272055, 7.332241476160857, 35.98734611426611, 56.8681632808629
15320, 17.563228596276897, 6.538362666076765, 56.95645753343741, 33.88253660183115
15328, 16.623788383379704, 6.744591560392599, 50.244214178116586, 40.291915825991694

------------------------------------------------------------
Sender: LSF System <lsfadmin@hpc.dtu.dk>
Subject: Job 24641336: <gpu_numba> in cluster <dcc> Done

Job <gpu_numba> was submitted from host <n-62-27-19> by user <s242964> in cluster <dcc> at Fri Apr 11 11:24:24 2025
Job was executed on host(s) <4*n-62-12-22>, in queue <c02613>, as user <s242964> in cluster <dcc> at Fri Apr 11 11:37:13 2025
</zhome/c6/c/213742> was used as the home directory.
</zhome/c6/c/213742/mini_project/gpu_numba> was used as the working directory.
Started at Fri Apr 11 11:37:13 2025
Terminated at Fri Apr 11 11:55:39 2025
Results reported at Fri Apr 11 11:55:39 2025

Your job looked like:

------------------------------------------------------------
# LSBATCH: User input
#!/bin/bash
#BSUB -R "rusage[mem=4096MB] span[hosts=1]"
#BSUB -gpu "num=1:mode=exclusive_process"
#BSUB -q c02613
#BSUB -W 00:50
#BSUB -J gpu_numba
#BSUB -n 4
#BSUB -o gpu_numba_%J.out
#BSUB -e gpu_numba_%J.err

source /dtu/projects/02613_2025/conda/conda_init.sh
conda activate 02613

time python sim.py 1000

------------------------------------------------------------

Successfully completed.

Resource usage summary:

    CPU time :                                   1104.28 sec.
    Max Memory :                                 4203 MB
    Average Memory :                             3441.89 MB
    Total Requested Memory :                     16384.00 MB
    Delta Memory :                               12181.00 MB
    Max Swap :                                   -
    Max Processes :                              4
    Max Threads :                                7
    Run time :                                   1106 sec.
    Turnaround time :                            1875 sec.

The output (if any) is above this job summary.



PS:

Read file <gpu_numba_24641336.err> for stderr output of this job.

