building_id, mean_temp, std_temp, pct_above_18, pct_below_15
10000, 14.01670139670278, 6.367649257021635, 30.966330331633575, 55.47538967849264
10009, 11.01018616248759, 5.8093080351996775, 16.69765805608604, 74.93466680068349
10014, 14.75570693400651, 7.030979725444269, 38.28912277844506, 52.76460169784817
10019, 14.747894753258766, 7.023112769465386, 38.18475905636769, 52.89162877285073
10029, 10.62250773791952, 6.312460893509999, 18.25563221896085, 74.51301795448481
10031, 12.518701387030761, 6.276148547472659, 24.080075420557996, 66.33473764841057
10051, 13.290568693587781, 5.999000745442376, 25.97693550756574, 62.84890553841633
10053, 11.374393730542229, 6.258993458271202, 19.957686882933707, 72.38848730606487
10056, 14.22156228947154, 6.179404507754319, 31.770664359612127, 57.05454021123968
10064, 12.728953207612106, 6.964154936671679, 28.848753635028544, 62.67907682432236
10075, 15.167466906325018, 6.441923318013145, 39.21804610900097, 47.35226570090981
10079, 15.102461158826715, 7.31146445383124, 41.92808401490587, 49.40134539999032
10080, 15.785454670460846, 7.277944190809279, 46.40103457397302, 44.68164316995033
10082, 16.474126098138125, 6.709690767446388, 48.685221184391445, 40.51396330188232
10083, 15.642337720605282, 7.120666241272847, 44.870436948965434, 45.874420061760624
10084, 15.103437152612738, 7.1499270524862695, 40.92004216232495, 50.25146815238669
10085, 15.872017672126223, 7.191593991392707, 46.19291488551234, 44.711558809836205
10086, 14.397957890109891, 7.213698560572425, 37.27791203479942, 52.996616723054615
10087, 15.083934018645817, 7.27028240692337, 41.56716488017511, 49.857675650793354
10089, 13.999695381265049, 7.271663191050868, 35.49549379155121, 56.325241387136735
10090, 14.29234898622382, 6.619899290262299, 36.6682123811732, 51.18710874101553
10093, 14.10174710627191, 6.565496053070926, 33.403384102086356, 56.41614489676539
10094, 14.201499394460892, 6.758742788772037, 35.3921085754939, 54.89520056914573
10097, 14.35799718729252, 6.86422206769846, 37.845159605718386, 51.274561002676414
10117, 15.467991377969012, 6.6825715532343, 44.13410625109789, 44.460337775101
10119, 14.089674182737747, 6.75178916860115, 35.08520585130448, 54.69260543909918
10120, 15.282544148744204, 8.031762241511615, 46.168775716171105, 47.71627461636002
10124, 13.86919884645161, 7.031665043552118, 34.57151056426444, 56.046202963016114
10126, 13.40088286998995, 6.6359912326753445, 29.673490998941055, 61.073067419696436
10128, 17.42942852349295, 6.706558499486137, 56.04351758259297, 34.869926052029584
10136, 15.42979906999444, 7.273166830272944, 44.34338141516802, 46.86940789148467
10144, 12.118514169692054, 6.126230299937147, 21.841893859516993, 68.8482201134709
10145, 10.662732529004286, 5.891499543213231, 16.58916200056942, 75.26335769194267
10150, 14.964157992203209, 7.494034565092379, 41.2050516477199, 50.724180776292116
10161, 13.451501800335972, 7.029405189189975, 31.821653456440195, 59.45789982857822
10165, 13.055518070115752, 6.7320368077759785, 29.071604938271605, 62.0477366255144
10167, 13.234493289110361, 6.813348934893422, 30.197673255775193, 60.84369478982633
10168, 13.195184804041322, 6.899792836112633, 30.327255804676984, 60.48332142204198
10174, 16.438737087627846, 7.038489726484552, 48.85436404444103, 42.062354479412114
10176, 16.501949832658816, 6.921002551592223, 49.112582412996915, 41.48190391409575
10177, 16.456922862716393, 6.839803673000725, 48.35345773874863, 41.79807769537629
10180, 16.276240202682757, 6.968740208448788, 47.38959340844965, 43.157888151350406
10182, 16.740669696738724, 6.320403363588626, 50.90032760611846, 37.492045534893585
10198, 14.431878611672115, 7.342926980697578, 38.64298001852587, 53.206298795818455
10199, 17.245969754160335, 6.977343060987765, 53.916059384576684, 37.65347524208548
10200, 12.830312394280611, 7.256674859449889, 30.691724594726594, 61.63500973459024
10201, 15.953213030194053, 7.271810272250505, 47.068600293302914, 44.6367932214437
10202, 13.548943818661028, 7.495486204636745, 34.049744517565664, 58.63570391872278
10203, 16.808300529921958, 6.612672140202543, 51.237985237109015, 38.872736445223296
10204, 14.767061726972928, 7.06372809634162, 39.04547387444852, 51.72221336309999
10205, 11.46053370507689, 6.661990836926858, 23.204572590987485, 69.34948923185779
10206, 10.135012507095759, 6.35871022827962, 17.561838635377374, 76.29936241946791
10207, 11.398224796976864, 6.609826102924351, 22.66790323827189, 69.79121813343933
10208, 9.48479074775091, 5.5418713999241715, 11.944803794739112, 82.31896266434008
1021, 16.738562532683396, 6.383704378686804, 48.734853370034934, 39.654093800829635
10215, 15.469642928295459, 7.149003674703942, 44.25972525885896, 46.58636194876449
10219, 14.159469575069094, 7.299827203008476, 37.30760536752769, 54.16640979799848
1022, 17.76344413325814, 6.2245134558144475, 57.50419863973352, 31.894815955758865
1023, 18.967892112363227, 5.845541947168461, 65.1759923976553, 25.167712616316813
1024, 18.28462164635503, 5.931541763514275, 60.45152055914937, 29.023533348204328
10243, 16.614798376764075, 6.204487982634821, 49.0093146358226, 38.12274262652258
10244, 15.573482929296388, 6.621991498578434, 44.1185238180409, 43.49698920884755
10245, 16.66015816235212, 6.213591428542973, 49.22347603536529, 37.88389948813401
10247, 15.610816610821326, 6.620014985275633, 44.66136237159144, 43.10617113119858
10249, 16.12714044722654, 6.232782614525416, 46.033884603725284, 40.42406278419617
1025, 17.5212042163831, 6.333492151386601, 56.00018621107024, 33.89041478515898
10251, 12.173336702124793, 7.588936870749839, 29.16548342515288, 65.17294257965582
10252, 12.00197640614194, 7.6102346529983675, 27.499436005414346, 67.0204166040006
10255, 11.926328418306225, 7.226103004217818, 25.800634403928495, 67.96815033338574
10257, 15.188927938252561, 7.310625552066642, 40.60872143089064, 51.475923599248986
10259, 12.65041791546819, 7.627092006369724, 30.45617779584646, 63.85218687535996
1026, 18.539356570650018, 5.716088033413638, 61.89410887397464, 26.868941088739746
10260, 13.650692710666295, 7.209648551960943, 33.579046824592915, 58.23579983146211
10262, 14.693826976135393, 7.444745545840865, 38.934037991723585, 53.31970550597463
10263, 16.66178488808322, 7.082246103016125, 49.135324499567446, 42.11856204335797
10265, 15.093463549101584, 7.165784064588244, 40.840422994354775, 50.51416607034004
10267, 16.27449329233649, 7.473994526819582, 49.03108176364062, 43.09437867271137
10268, 16.944618431596485, 6.97543343875425, 51.39637555185912, 39.68508073089285
10269, 18.602321306301473, 6.788890793693731, 61.874750588267666, 30.431671505827634
1027, 14.519349648789795, 6.7317585379825, 35.01887798901493, 53.21842625082305
10276, 13.186396085668656, 6.976909727892327, 30.449901959722236, 61.809791027960436
10277, 13.555565236838941, 7.040583291942034, 32.59736714029653, 59.39603290481108
10279, 13.939906061530708, 7.007860071502185, 36.21131603626133, 54.94321142023549
10281, 13.031412936981134, 6.8736941566077245, 31.33125, 59.98854166666666
10282, 14.266275354075296, 6.78883050102728, 37.71750078143993, 51.44653214322926
10285, 13.988198227231303, 7.037598472481641, 35.448142278570174, 56.55044902271526
10288, 14.551046923940744, 6.819301929790426, 36.36997382508845, 53.612532389808884
10291, 12.239278034181046, 6.731663415663172, 25.20344967297563, 66.19204723042195
10292, 11.195427935383671, 6.44106573308125, 20.106946920067596, 72.53177156878633
10303, 17.63898521338125, 6.578816890731356, 55.70044831309925, 34.482476520828556
10306, 14.162302861079729, 7.430179593571704, 36.96525050928523, 55.84570871837264
1031, 12.15907371003142, 6.84716473882739, 25.786200887198984, 66.42110266159695
10311, 16.358725324621858, 6.580580308742445, 48.229114912342965, 40.9515697825727
10312, 16.439975479740585, 6.45238171706373, 47.67491619713287, 41.20604807075102
10315, 16.724731072388778, 6.394835548214634, 49.837220830374726, 38.9839364424378
10316, 15.78775977755092, 6.623626901173977, 43.8700838273585, 44.76939359899225
10318, 17.511781566948482, 6.3172339977071825, 56.82895984824534, 32.01074928865001
10323, 14.30097666244905, 7.364431102368451, 38.09248740412695, 53.307018388370075
10324, 16.415937992752028, 7.021108045123492, 49.37507930465677, 41.392272554244386
10330, 14.988866652984987, 7.180442919934614, 40.85320445599477, 49.573701727989786
10334, 15.042880201104357, 7.192198183550988, 41.34090585499359, 48.94243090601319
10337, 13.96489441516934, 6.836544235490343, 33.97373972359679, 56.951481576405186
10340, 13.43825892777776, 7.497931116001944, 32.83896286982531, 60.377969556685905
10349, 13.63591853847008, 7.363464845492342, 34.18454368558868, 58.35275181973238
10350, 16.625958338712802, 7.268549046167796, 50.77247371532866, 40.577363049793064
10354, 12.3266570976651, 6.729179747390724, 26.042322769875813, 65.00333731303996
10356, 12.418423569721922, 6.919595961294325, 26.902485317289788, 65.06320727689443
10357, 11.879954943374061, 6.851622505071977, 23.807982241132127, 69.12639319243398
10363, 15.89325080819741, 6.930937910122403, 45.6458810758654, 44.66030291021245
10366, 15.725002389701297, 6.853878120318569, 43.55707330138415, 45.81073454434145
10370, 15.608654227761665, 7.674709913090358, 46.58131133134795, 46.13581994824977
10371, 12.76158474324842, 6.9158980582005, 27.578156719447826, 63.76243402354852
10372, 15.677073185391256, 7.1711280193418565, 44.890769105204456, 46.91079250210844
10376, 14.459197559012313, 6.556975521347553, 35.43992197055317, 52.65594277840566
10382, 16.934192535562204, 6.334038562039951, 51.23140882267461, 36.761565386608034
10386, 15.178770646886944, 6.700984616945866, 39.49603504373424, 49.366874656675634
10388, 16.391883593924003, 6.660060753751786, 48.60735280395633, 40.726182700382566
10394, 14.60273973048857, 7.002877154187536, 37.93702866254525, 52.33234436878358
10396, 15.398086584830168, 6.995401140092751, 42.49991157641566, 47.58721512868579
10401, 17.03265630505437, 6.7872454436120675, 50.58714592364999, 39.84174418115241
10405, 17.71517464441351, 7.1051599188271855, 57.42041474835714, 34.937827096368004
10417, 16.045295753707546, 6.708378448723779, 45.71745588603744, 43.339060095207415
10422, 15.157395232042868, 7.147819554899453, 42.48855925516806, 48.31544895060754
10430, 14.07832225720844, 6.921827289630501, 35.219732431666486, 55.66164039519589
10437, 13.822009719000238, 7.790820310750179, 37.746944423091705, 55.78445691444385
10447, 17.1537580254657, 6.410045490533914, 52.68286236063052, 35.78791810841984
10455, 15.193305176925106, 7.049416267741156, 41.83121500983507, 48.75737630503858
10456, 14.456679175756364, 6.627888233001005, 36.51034407367932, 52.22459074635839
10464, 15.14426710351998, 6.475453965425001, 38.93216117797644, 48.92194120040086
10477, 12.006193389593692, 7.141183483032262, 26.391859227501964, 66.9266196496603
10478, 12.383641969130899, 7.212856256074767, 28.44893118861556, 65.01353118253414
10483, 11.76206755948516, 6.86151259026519, 23.738751622626562, 69.91375327275527
10490, 14.562048421609472, 7.091741838034533, 38.34056761268781, 52.97161936560934
10491, 17.111093314829866, 6.933676032452029, 52.201579637386885, 39.04006651104787
10493, 16.346804182406387, 7.000784039083339, 47.977569101104955, 43.00029863622789
10495, 15.860699758312508, 6.944428890306589, 44.21712166741257, 46.3887645717452
10498, 15.260363503131382, 6.902882735093192, 40.70484471740187, 49.659287680789305
10504, 16.542957335623605, 7.04170417325799, 49.52866670402959, 41.62977077845654
10507, 15.405848656064594, 6.954413086182255, 41.40986594402744, 49.07072112041056
10515, 11.173925648898349, 6.411750204600357, 20.76053442959918, 71.11045857191797
10522, 13.640602040805458, 6.789595400141253, 33.12495985956198, 56.13881098670549
10524, 14.491385349920305, 6.388749318018552, 35.6752603722042, 52.322007853850096
10532, 13.54766672918996, 6.608665427392845, 30.13553882880885, 60.241073874532006
10535, 14.961323087202462, 6.756020609261451, 39.832579738482224, 50.04888182818037
10538, 16.142343389105978, 6.574189522749783, 46.54397723443292, 42.833339573894484
10541, 13.538691404683599, 6.617919311952793, 30.105173995905975, 60.13976141737841
10580, 15.136685776523416, 7.209471348226013, 42.15788983563812, 49.32369511570517
10584, 13.239782787650205, 6.559353842085803, 28.496735392976262, 61.1994694208703
10587, 14.96144270914902, 6.711937306730261, 40.310105834117124, 48.041749230670895
10588, 9.069383696951244, 5.95561205759671, 13.728632973548896, 81.29615046092556
10589, 13.413555061491113, 6.448368032546272, 28.655152338443624, 61.434116048903554
10593, 13.412981555890028, 6.587099891869483, 29.58732212160414, 60.02716688227684
10594, 11.58546482795967, 6.461482150353533, 21.663042352697527, 70.35311173242208
10604, 14.246722171703782, 7.056364364731812, 36.40277857511912, 53.15651491666188
10605, 14.458292124778945, 6.624794574308891, 36.38249665602053, 52.63423689023558
10608, 15.187911439070625, 6.702459926143485, 40.50021047742086, 48.45190228041399
10609, 14.411579767611377, 6.656520912570889, 36.35539437896645, 52.77754883375917
10611, 12.368972089642828, 6.774794700257614, 26.13984407629124, 66.41027425866629
10612, 15.456132024592682, 6.44626013099225, 40.77762901522821, 47.01585953912637
10614, 15.500641860308844, 6.957070487876581, 44.00381922342457, 46.26079839956352
10618, 15.152588439130117, 6.8529774844634535, 39.49485946699138, 49.62779779314847
10628, 12.165703091053558, 6.66713820453419, 24.77046738038319, 65.69829886013235
10633, 17.06556744881407, 7.0447842224042825, 53.40317191671895, 37.6179985117962
10634, 18.375761858393936, 6.229956159751941, 61.34708818635607, 28.62828618968386
10637, 16.521223962947257, 7.139105239605438, 50.68258716866762, 40.59858648934642
10649, 13.904417896798567, 7.143180116827964, 34.77427203723784, 56.77183888286478
10650, 14.907878050134299, 7.141889441540097, 40.11208219360864, 50.60511041430382
10651, 14.989510862277635, 6.356961047554184, 38.27318262606678, 49.98751450520719
10653, 13.947395483569624, 7.141419371140413, 35.44846922880852, 55.92766716701124
10655, 14.721414596879725, 7.236933068383282, 41.15644352285146, 50.962535377028054
10678, 13.683191641354338, 6.90159511122169, 34.13261955215188, 56.5907034957929
10682, 10.082037090702428, 6.095476609398239, 15.944011786992213, 77.52841507051147
10691, 14.759449798248282, 6.703836041188772, 37.63836083874841, 50.40178618445304
10692, 13.614006369590815, 6.940596869251986, 32.21848596420286, 59.661182880371165
10696, 11.3651480844324, 6.947872019416548, 22.107369123041014, 71.9799072809216
10700, 12.961238487415752, 6.943161620860531, 29.242228997077035, 62.48860671967817
10701, 17.365721782461044, 6.332651606018102, 53.405151526447234, 34.754165579453534
10702, 16.872994892008002, 6.7105838305160255, 50.75310323947926, 38.91916439600363
10705, 15.92940829883395, 7.042722224759786, 47.4095854160541, 43.71263353915515
10706, 16.28295844887814, 6.382962438157239, 47.05365339166781, 40.24102033242837
10707, 16.015324519384542, 6.656506056379055, 46.362456522867674, 41.97061724549655
10708, 14.391126778276922, 6.918880725782116, 37.05085810348968, 52.69808427703164
10709, 16.100287849201937, 7.067116020715144, 47.56294295709547, 43.19092243832587
10712, 14.693306696661006, 6.569243991099896, 37.52079713092025, 51.43638850889193
10714, 14.429689113730422, 6.82599094176221, 37.07848541462422, 52.355672296109944
10715, 12.636989491952647, 6.988249918888263, 29.37905139740002, 62.52169600793454
10721, 13.746848854619925, 7.085401623625564, 34.23077893568166, 56.718225631450125
10722, 14.678236793808058, 7.010049107493786, 38.23303105248695, 51.95108546303929
10724, 14.314281951302549, 6.858714844970003, 36.72483810778181, 53.27186916913621
10726, 13.653548850240114, 7.072595701202569, 32.266703289157455, 58.754573724016836
10733, 14.456790040607526, 7.242961620813068, 37.975284365411675, 53.6556423861267
10737, 14.083992383497314, 6.929001714112812, 34.35522151898734, 56.924940664556964
10739, 13.275026399753834, 6.740464426613892, 30.04597740441315, 60.729485360726066
10742, 16.44747759803891, 6.642760441619543, 47.138136708577186, 42.42250287026406
10765, 15.021395978544916, 6.952555831188749, 40.40274633697356, 50.47513619741785
10769, 16.282801853482482, 7.232839879105018, 47.98346973173852, 43.667120199825355
10772, 13.967394761131308, 7.212069974308637, 35.21497114366697, 55.96193468337716
10773, 16.23347299746655, 7.254355581236764, 48.02529398713113, 43.80055267563588
10776, 13.39336522329641, 6.907956304239424, 31.239496752509428, 58.956715265476674
10782, 16.915245850062856, 7.200747401635265, 52.328975372453634, 39.95946082902604
10786, 17.133393263731172, 6.910045126560036, 52.83997694320046, 38.165210836695785
10790, 15.495106611024607, 7.243665189666724, 42.8702522785952, 48.62506610259122
10791, 15.188129425605231, 7.0920304856673, 40.00100914962325, 51.1992061356297
10793, 14.12031478590707, 6.629451386502645, 34.09903349662386, 55.89390529149565
10794, 15.247645893580106, 7.063161631205942, 40.19073342336485, 50.87280548191867
10797, 14.518684867230645, 6.874428425111962, 36.9679354959685, 54.11353834614664
10798, 16.282596500411803, 6.971522866191015, 46.57763637124796, 43.98626868170972
10799, 14.321258408516835, 7.17577746535294, 35.66047378051796, 56.14810174576746
108, 16.921872417160742, 6.735629985636387, 51.00795848963994, 39.083079152496815
10801, 14.137927029184333, 6.526940453335429, 33.4320721691127, 55.812126924285266
10803, 17.69481493113049, 6.747036654614174, 56.13715929643458, 34.395591610521755
10806, 15.894701426524273, 6.455259778173221, 44.1449735321551, 43.654379610674354
10821, 18.82114233622433, 6.257311820000823, 63.10843756129913, 26.798808111566736
10822, 18.167962969254184, 6.750544901003818, 61.06709592712165, 31.329418430021853
10823, 18.47847415212744, 6.73790420218793, 61.303882336422355, 30.958649255827016
10830, 15.87712001263362, 7.456523053978333, 46.72468540515112, 45.488987080190185
10834, 12.852574580922306, 6.726004310779576, 27.381619436917283, 64.26032241767327
10836, 17.495104015687854, 7.390596255229577, 55.13214568406336, 37.74093072502801
10841, 15.930679471081127, 7.422625650253341, 46.82583480980181, 45.35807991325142
10845, 15.939224530520464, 7.436653056604128, 46.95994139646065, 45.192196476076646
10849, 12.921540814633762, 6.9122577718857405, 28.978474091599217, 63.14328561182574
10851, 17.556912126695163, 7.428643055438862, 55.668283620600675, 37.418722262359374
10853, 12.531304787054587, 7.1383925896320415, 28.383632660618403, 64.64132156596514
10855, 17.586206970646167, 7.388367967750909, 55.76733298143346, 37.14685699860005
10865, 13.01144682237934, 7.0238874614100215, 30.40139331656193, 61.70722019086807
10867, 16.971755730868857, 7.530716257197742, 51.218332358367455, 41.364802231921885
10869, 12.816801929865353, 7.112171400127881, 29.6441277511035, 62.904064344475366
10871, 17.02485816534975, 7.507907331374136, 51.55032979638657, 40.92342988242042
10874, 17.582579518168934, 7.114603999819741, 55.69053424961206, 36.40730067243035
10882, 16.004213819871254, 7.2262047644981395, 46.33351905027215, 45.74493921341733
10884, 17.8422658623985, 6.92804128057219, 57.67913217242364, 34.16681805205927
10889, 17.131340140938747, 7.092845445972337, 54.19377566410163, 37.05978841221088
10890, 16.74030253288575, 7.159342204500151, 51.234303870948025, 40.32721273410528
10893, 16.372449757346605, 7.093751617613313, 48.84202737698853, 42.80429152793192
10895, 15.965237963139355, 5.947894160953665, 41.23994147768837, 44.3562545720556
10896, 13.118897891298484, 7.079628154129098, 30.368219986383238, 61.54588092896588
10905, 17.492495630406875, 7.07794776493273, 55.68148191986744, 36.30328855220848
10927, 12.115154044775624, 7.4925884134137855, 28.373364350101777, 65.01890084326838
10929, 11.835097784304839, 7.195431042713909, 25.234958372671873, 68.11861642777444
10930, 18.14372960288882, 7.188268295515555, 59.7238590266837, 33.31183089156567
10931, 13.879255297667205, 7.15582489946487, 34.41972860772043, 57.513742221592764
10933, 17.22061913580986, 7.027776618397851, 53.38469794541552, 38.263761116222014
10941, 13.79708132054618, 6.703011726880229, 32.99829448550312, 56.577600909607725
10945, 11.813373173127177, 6.24296115707146, 21.12914553257901, 68.54467420991026
10946, 12.977007821823658, 7.140615985984269, 30.25806811992906, 61.54463824379617
10947, 9.432628136328676, 5.636677501388628, 12.37594685461984, 81.80621379673512
10949, 15.727171012500307, 6.99482601827276, 44.76615897960282, 46.20311070448307
10956, 14.99066513245502, 7.0469980816795506, 39.36110477460563, 51.707347031883344
10957, 14.768383844444688, 6.761306807103006, 37.489659398457846, 51.84905274983404
10959, 13.941292712043676, 6.934219742689317, 35.30481412415226, 54.64295323183686
10961, 18.216326386744957, 6.7325409941803285, 59.76201527490611, 30.856787206211234
10967, 15.06643168548771, 6.723619384899474, 39.3842811318241, 49.22573967225883
10970, 17.130665950968755, 7.006833869405314, 53.49049494231157, 37.64448642968593
10972, 14.263920813806282, 6.582768910114443, 33.71534955693372, 54.725032942854725
10973, 14.74587256933754, 6.786864255113386, 37.382135451308734, 52.027335446092046
10975, 16.37457225462089, 6.672333835625144, 46.51637601020842, 42.509570395576354
10977, 15.528680597874306, 6.817959942064611, 42.09399313885962, 46.96181528733828
10978, 15.775230967727632, 7.001314582425256, 44.572807903895814, 45.74379701358482
10980, 16.372937231667997, 7.113869076669741, 47.813722004976896, 43.82975593610944
10982, 14.864686661342338, 7.192367185548093, 39.374590029517876, 52.12569694981961
10985, 18.173243833029648, 6.650635738653312, 59.41559838251742, 30.773036221285384
10987, 9.394388351342661, 5.404393639762673, 11.494365989273238, 82.0744968754613
10989, 17.513034336761162, 6.943878444989167, 55.6230962786386, 36.16607071911005
1099, 15.85313786386602, 6.55199669807518, 44.22482349140915, 44.937010659734504
10993, 15.784767922523697, 7.217316696458296, 44.87909972768731, 46.433141219829615
10995, 14.430837641668376, 7.068784394553601, 37.917331793635164, 53.14109748780129
10997, 17.601534800359815, 6.5721167982924396, 55.38182446440912, 35.92994125777471
11000, 18.738883118562743, 5.461144774375033, 62.32971454918892, 23.881879532212768
11009, 13.749231458992302, 7.290323011407555, 35.6024682538705, 55.73400992720868
1101, 16.181455603387036, 6.99436090676429, 46.67924073999759, 44.17713391388097
11012, 13.748385813189744, 7.317698245376632, 35.67321307640214, 55.80249953826264
11015, 14.030256062508762, 7.510575321490149, 37.3330943632942, 54.56582131015324
1102, 14.416236022043805, 7.574073757001165, 39.94643388552723, 52.78841384783256
11024, 14.223807669851986, 6.628282326062918, 35.706097935065145, 53.26208043397537
11032, 15.54520957483661, 7.130442115759996, 43.476200068727714, 47.21238046711142
11037, 14.240855191361943, 7.617265868358256, 38.2342353461487, 54.73273884826232
11038, 15.65128943255399, 6.992735058946024, 43.34347817146148, 47.27426021509798
11039, 16.063357697225243, 6.958693815391113, 45.62815083686227, 44.57854406130268
1104, 16.122469304894267, 7.115299291089013, 46.26939413016281, 44.71547306935269
11040, 15.635836515277694, 6.989183145637472, 43.08126194062288, 47.4157712252469
11041, 16.070835600828453, 6.972820826085611, 45.66108730994571, 44.850257154834814
11042, 15.621018243981128, 7.08150365711471, 44.334345720417, 47.08772588153899
11043, 17.382456330184663, 7.323531243737201, 55.02044650751547, 37.07311007957559
11051, 16.824856765628997, 7.1797154332097275, 52.1210389674919, 39.335180055401665
11057, 14.731426736717786, 7.701750231902637, 40.529793906810035, 50.57683691756273
11060, 14.472422651848852, 7.153746252356214, 39.37350013489911, 52.11365604987007
1107, 17.848707311233895, 6.190020342304193, 57.248169283142715, 31.675687590311284
11071, 12.207954426820427, 6.890390740123946, 26.30643298347813, 66.16079947772812
11075, 12.52185238522664, 7.354982354486183, 29.856490674964686, 63.572993223739424
11078, 15.776091418123206, 6.744113698405937, 44.548261936812104, 45.439068809882016
11079, 11.70171352055968, 6.755197985070767, 23.747821366324754, 68.54910140289722
1109, 13.067812062212802, 8.804460656334824, 38.593650754113064, 53.499059693871196
11090, 11.327888207833157, 6.672231962155675, 22.981291684390477, 69.78498679743494
11093, 13.179581268503258, 7.073395004131072, 31.26105920407542, 61.49086523831529
11096, 13.716293279293417, 6.820790013747425, 32.70381093752297, 58.380976176129096
1110, 17.934286021436687, 6.197807593083538, 58.91504176023005, 29.96720569942327
11100, 11.611489310276207, 6.9123276214871145, 24.540827123778975, 68.93440705717245
11103, 12.099749453539971, 5.693783504599214, 18.60710132038038, 70.78743928302661
11104, 11.21675410336042, 6.717841699280391, 22.26787940348123, 69.81047139757145
11108, 15.501887590229755, 8.39878396446324, 49.27338382948741, 45.24543479537314
11117, 16.040792563853294, 6.7415267607484415, 44.35346440001663, 46.09085996924228
11132, 12.293204373556891, 7.341145777030156, 29.234236177003364, 63.972871560424394
11133, 13.77337810442378, 6.8828532467522825, 33.42868608707284, 57.14065217167612
11136, 13.331355174205264, 6.692686924059805, 29.924352031747343, 59.651316605349095
11137, 13.417708572981507, 6.88985717339088, 30.549710269620295, 60.256662762130844
11156, 16.30348744157262, 7.459541402251123, 48.482974303918596, 43.45811842135972
11160, 14.964330898436435, 6.972948246622329, 39.61935371449592, 51.013572382814765
11163, 15.00255844816334, 7.046309451722222, 39.3353275772203, 51.287193781584975
11164, 15.151570073666297, 7.266245807934523, 42.30283534275346, 49.03428199231679
11165, 15.36155815145561, 7.183390563718708, 43.509885474364786, 47.72624233703258
11168, 16.027015107723983, 6.980071706676898, 46.853552951113926, 43.5434484214972
11175, 15.126555198528585, 7.2810633621201895, 42.276260978004196, 48.98909496139457
11176, 15.973384472758337, 7.002221706414429, 46.70002382654277, 43.778624943742884
11190, 15.31349530316134, 7.144712186403169, 42.28078304181629, 48.77331171087687
11192, 13.741422179582248, 6.91695159484211, 33.95044113100759, 57.14370645168961
11195, 15.718342121124161, 7.252440359736725, 44.875192687346185, 46.46672255726533
11198, 13.734993532532295, 6.278443970620397, 29.6374837471364, 57.02588075041793
11199, 16.771184089312868, 6.251629576156214, 49.50313511555787, 38.11485614686375
11200, 13.454570378489155, 7.615617654177825, 34.36005577257695, 58.93340708219541
11209, 15.012700418019033, 6.8100299523113215, 41.054617107634265, 48.44805227613386
1121, 11.523744755983984, 6.643575804802081, 21.87618975100891, 70.67387497144597
11210, 16.46432311977128, 6.82138030261485, 48.964188931938814, 41.483953326913166
11215, 14.474618247835041, 7.166471803471704, 37.314855119351535, 53.741720685638995
11216, 12.077801107329988, 6.262281385531791, 22.196202437241773, 67.49697955043777
11218, 15.430479332565795, 6.554085620785018, 41.45987363892996, 47.75104180669445
11224, 14.867344209429659, 6.446341817121656, 37.98106078275878, 50.829562594268474
11225, 14.698906031495916, 7.245568445443169, 39.849784643861454, 51.34968378836958
11226, 19.330729324186688, 6.318225381383628, 67.03765354847332, 25.204427542130908
11227, 17.20803323243972, 7.016889562247707, 53.33474201851781, 37.57347573859926
11229, 15.691393077628073, 6.553477623389333, 43.029463210740325, 44.67413280025443
11240, 18.276593781447705, 6.676003379375744, 60.02752528485469, 31.56446037639227
11243, 15.183378207146763, 6.4784604562923604, 39.62643780492148, 50.97930985363769
11244, 18.78073144410547, 6.596477572193855, 62.900227225779794, 28.824623011774424
11249, 17.230739406043988, 6.608732051406374, 53.885760257441675, 36.322070260123354
11253, 14.583932801353457, 7.090254846199429, 37.94486064424715, 53.33805640554107
11255, 17.632639921902545, 6.418180207339015, 56.10969069593415, 33.8036293339985
11258, 13.431748588723842, 7.2975586941425075, 32.51458504879203, 60.48283957322308
11269, 12.693141032959474, 7.1910586224960324, 29.487357118115693, 63.20748181503291
11271, 16.745891710088586, 6.748376958315101, 50.96560983166374, 39.58587214706186
11272, 16.53722603068917, 7.460617953242878, 50.418843312416925, 42.45000154554728
11283, 14.052680963990849, 6.606392473112662, 34.233720841881315, 54.61970974849935
11286, 13.471756621554817, 6.715958021851684, 30.267274515062127, 60.80361133458479
11395, 17.51220917338402, 6.739325623847464, 55.20736169907441, 35.69006959890938
11396, 14.999742993671498, 6.931508578344233, 40.07541171469234, 50.07208472727945
11399, 14.492609648498178, 7.321285608583355, 40.672053745507505, 49.76392379789058
114, 15.052912571000011, 7.108277304167095, 40.50086792389234, 50.60249085730657
11400, 14.782112583100684, 6.994732363465839, 38.36016300106933, 52.57940521950233
11404, 16.451099089744528, 6.73086815663705, 47.88924314384368, 42.00875788805249
11407, 15.811831780802223, 6.948760772291268, 43.822667418853285, 46.69565337039228
11414, 16.00119103376018, 6.891240252238068, 45.71216074827616, 44.640673650241396
11417, 15.260005218603487, 7.36768655861034, 43.42125056410771, 48.629845058416485
11418, 16.879293316338075, 6.785307253124583, 50.87518978129666, 39.626334742838495
11421, 14.206981347301133, 6.945585525517671, 35.24614129849345, 55.5391410061093
11424, 12.933597326875935, 6.75158446599142, 27.901591895803186, 63.118668596237335
11427, 11.76739763865274, 7.0324026114038345, 25.352395655989934, 67.08154007211819
11430, 11.347485004511293, 6.872539755980464, 23.205049820711533, 69.52922319348282
11434, 13.515925204744823, 7.476389126928855, 34.117117809060886, 58.58084903279605
11437, 13.565566366239516, 7.314590457978626, 33.75960234975147, 58.84658834161771
11438, 16.441059203622423, 6.552681397528734, 46.050258322888325, 41.92626333649231
11439, 17.475995119804793, 6.840505721205941, 54.8744019138756, 36.578947368421055
11443, 15.321414965895707, 7.71992094121822, 44.59619483697798, 48.92081787321386
11449, 18.2065921069664, 6.724052942280961, 59.77694575001992, 32.145303911415596
11454, 17.40590213894634, 7.429642872430907, 56.56059657312006, 36.893038082768825
11456, 16.876003001410293, 7.54039448922989, 54.30686120209282, 39.29417102669899
11460, 18.1921796428431, 6.710407119828331, 59.4212981263341, 32.45157719977863
11463, 18.341294845370786, 6.70264513164815, 60.74468549478371, 31.365402243659695
11466, 16.322500137334302, 6.824033032990097, 49.544578504105395, 40.82688702906777
11470, 16.634751457880068, 7.032940778011731, 50.28984253331026, 40.954317355943935
11471, 16.921414914989906, 7.095357706889767, 52.647290441917114, 38.77808911598264
11474, 15.500591455702946, 7.500823049988012, 44.50915826301708, 48.32681621732867
11479, 12.787645296427886, 6.645400541157719, 27.011151783434066, 63.89716523367668
11480, 14.029536872038438, 7.02087001206725, 35.55026455026455, 55.1031746031746
11485, 17.01835093082081, 7.034087241248156, 52.617410671056454, 38.70824053452116
11489, 15.272119569980235, 7.1465080538203765, 41.56902985074627, 49.24626865671642
11497, 13.231546215293312, 7.084370212165883, 30.793007015879763, 61.17225701996827
11498, 12.276058961530886, 6.9612203100590015, 27.053935012050196, 65.1741045458323
11501, 13.898293851932657, 6.584299792303948, 32.021684134441635, 57.64221178171305
11509, 14.43391094028944, 6.6680574256043075, 35.32282432847994, 54.995788375917535
11510, 13.794228193454675, 6.753374430647598, 32.352899465346816, 58.2488335484237
11511, 15.207464222539429, 6.830858661067063, 39.550069569769526, 50.908539861411505
11512, 13.586965532247032, 6.6719442157179545, 31.30119548372814, 59.64965685189285
11513, 13.969235237643291, 6.49868312229784, 30.868761552680223, 59.364621372646255
11514, 14.005995195399592, 6.861634437707925, 33.70938208000993, 57.015610936966574
11515, 13.641225520318203, 6.3827109760526755, 28.868805096673828, 61.20700298787565
11516, 12.96130154178258, 6.930110436608907, 28.537584013596685, 63.34045785800736
11523, 15.40830385429921, 6.631749135232962, 41.38212232096184, 48.338734971249345
11526, 14.818499193298353, 7.1708391496069055, 39.58020560774389, 52.141151574943876
11574, 14.054135032268087, 6.879400407136833, 34.42015561319007, 56.24424816837777
11575, 13.928236701044582, 6.782838753488419, 33.31570152555209, 57.33503239844679
11580, 20.825807757510265, 5.5016283483403745, 77.63092144713171, 16.37184356053035
11581, 21.128091827307244, 5.356383905242771, 79.78974751590889, 14.57443217834416
11604, 17.511436079276706, 6.860714500619619, 55.728437748689664, 35.171007015906994
11605, 18.500682239439275, 6.4752093158313055, 61.95347758611462, 28.56811573520755
11613, 19.521861889642683, 6.59062766023929, 68.90110664693029, 24.607915697469515
11614, 19.42073734641182, 6.6161167430317125, 67.7844415471534, 25.30638852672751
11621, 18.367770632085556, 6.103225343408175, 62.06380149498444, 28.047095882983257
11622, 16.716317103302533, 6.585900726496832, 48.36205106913016, 39.436717182201924
11639, 13.68795470789808, 6.45752976871448, 31.07917946685165, 58.396591021702505
11645, 15.661665028854838, 6.970015018324983, 43.83214676889376, 45.566356334428626
11647, 13.788964325665635, 6.551289729835764, 31.81516158260344, 57.4388402295379
11650, 13.524098152428486, 6.652805006814709, 30.839279128034896, 59.20866877790072
11669, 15.945973675497752, 6.331675017799131, 44.84614459017469, 43.12873973112222
11670, 16.242004663581156, 6.065495647397155, 47.30130259315564, 39.22653746459156
11672, 16.04279299166691, 6.288890929744434, 47.27174443007653, 40.53589977317533
11675, 17.054633619591442, 6.149213416997569, 52.93879405721511, 34.93559348822507
11676, 15.460167975044023, 6.861761754022103, 43.306546275395036, 47.071783295711064
11679, 16.882536229443993, 6.764721599183516, 50.78434687858122, 39.499145202802985
11681, 12.703628855050038, 6.427750407618106, 25.31642390758413, 65.80738322451029
11688, 14.264538021394571, 6.857594168467654, 36.52241191243246, 54.472235610461425
11691, 15.060112029317104, 7.344520786442078, 42.010671905280205, 50.135389843107056
11693, 19.050316175268936, 6.619007602544083, 65.13602941176471, 27.69669117647059
11695, 17.630464852819184, 7.033308642427031, 56.840353494777915, 35.072114464975705
11697, 16.5968758622554, 6.301577670682242, 49.89273330506149, 37.44231296929179
11701, 18.116454391566357, 6.368636162734458, 60.070742956868614, 30.720206930939913
11702, 15.977668704141712, 7.272376067175204, 47.78320227580467, 44.390613547994384
11705, 15.895917249290752, 7.276266198833745, 47.474822642258275, 44.5800466339237
11713, 15.930201377014015, 7.317473548333598, 47.75594853708211, 44.422780785852666
11717, 16.816915137536597, 6.328996375341069, 51.07417967186875, 36.25700280112045
11728, 14.37262876262774, 7.052083962656544, 36.81766399797475, 54.26885225151102
11729, 14.58468971786984, 7.129379410995463, 38.01648277127562, 53.08553329663403
11731, 12.514123307139434, 7.269535326655811, 28.22287222658201, 65.54501280191514
11732, 12.296316431143794, 6.550529538833048, 24.588461050494796, 67.09274295863995
11736, 9.59182320685217, 6.545324181230724, 15.916419450535276, 78.27077690356421
11737, 10.490546565898258, 6.669432077363357, 18.30869077245889, 75.44039428097399
11738, 10.660666533924747, 6.792895697676175, 19.406087602078692, 74.64488987874289
11739, 9.657007822891826, 6.6893732927141265, 16.204160411752092, 78.40446064765173
11740, 9.19495435579882, 6.255793238074481, 13.732881015202917, 81.09058927000879
11780, 13.228868733834007, 7.036249305218371, 30.690003689859303, 61.441772415895265
11781, 13.265015793474646, 6.731915776864758, 30.34924567951573, 60.816893015086414
11783, 12.471715602189967, 7.1033917571232905, 27.8528013622496, 65.491253380003
11784, 12.70828506480134, 6.890372605417938, 27.835550558990697, 64.59699581537693
11786, 14.160049484070525, 6.966103454164022, 34.987334086014364, 56.3163537347843
11787, 11.844228969544233, 6.938587884879408, 25.167621830168187, 67.80068921601679
11808, 16.554304259626075, 6.9190595957166146, 50.03223726627982, 40.58258526343633
11811, 16.81119839938174, 6.55474286629913, 50.91118468403627, 38.8988052396718
11812, 16.806063286156295, 6.577643897773232, 51.238772942248445, 38.62107866533605
11814, 16.57598821995889, 6.503848185956126, 48.39013220833399, 40.330599250348946
11816, 17.74853860149403, 6.489665815283228, 57.36599219027334, 33.36022633147234
11817, 14.799782056904961, 6.480801487737254, 36.88740063841773, 51.699317769293366
11818, 17.35855772553472, 6.437258903602427, 54.589570523054554, 34.83710857847399
11819, 16.853672272463402, 6.4162323489113176, 50.452991037422414, 38.30407935041571
11824, 15.664442555651313, 6.6665234169872045, 43.43968965206147, 44.856103208733046
11825, 16.60693132565709, 6.308334922169845, 47.925855006042724, 39.86627532842591
11826, 16.615718033515144, 6.317828517922345, 47.75126448653493, 39.813478742956086
11828, 17.659532258794925, 6.4888441373588295, 56.75358676301183, 33.82029531888156
11829, 17.631540863863194, 6.478788666273624, 56.597549481621115, 33.901336646388486
1183, 15.70105382565434, 7.141351424593759, 43.93407149280576, 45.60617131294964
1184, 12.393801880564485, 6.924517297225459, 27.86159637668372, 64.27857184871478
11859, 13.944051479859148, 6.443627160668914, 33.396261643466175, 55.600273841877055
11868, 12.291061122948749, 7.383379774892055, 28.855335583736274, 64.23531916187696
11888, 13.351817890081694, 6.959789271620447, 31.686624203821655, 59.84968152866242
11904, 15.464753094282413, 6.516493391447942, 40.721306013659834, 47.719195957576765
11906, 14.364687109407182, 6.430163303478642, 33.74615289917518, 53.7966268619968
11908, 15.300661981084993, 6.640582991692813, 39.953837276399305, 46.00836699365263
11909, 15.17580842074569, 6.753100737505696, 41.11289711321075, 48.546150729865005
11912, 17.912021232208318, 6.9385466036853565, 57.336733248335456, 33.986400339991505
11913, 14.907644629219723, 6.644339059623627, 35.555436972211474, 53.10503075014341
11914, 18.777210554094847, 6.358273323422937, 61.190597853857945, 28.57359147599311
11916, 12.373443913113045, 7.271033945265853, 27.811141022986124, 66.58469662455995
11931, 16.53076771425455, 7.0107567199213, 49.6436443380288, 41.56997885362006
11943, 14.871198698094181, 7.536207309813791, 41.952282001852645, 50.73980422101495
11960, 15.981608236365126, 6.750163704400241, 45.583858337949614, 44.05532030758542
11962, 16.41659206154988, 7.259252816139002, 49.41103411566402, 42.03589981172806
11964, 15.756453387034272, 7.654171333499012, 47.28290955906019, 45.1419375603476
11966, 15.979285155474214, 7.45687761956391, 47.58543462176808, 44.152052630526505
11967, 18.595337951121454, 7.087754952264576, 62.022771043389604, 31.34511536573392
11972, 13.975459697492738, 6.958775196209479, 33.49003626095048, 58.07528158392966
11973, 16.12981854974178, 6.656692985358921, 46.231778015421845, 43.21072775370068
11974, 15.499193065807646, 7.160746255164817, 43.10309031382257, 48.21688093907211
11975, 18.545673656095826, 6.836574653181551, 62.44605200509914, 30.10182924019721
11977, 13.75975738776762, 7.116452037517683, 33.266458611978, 58.74254293781712
11988, 16.81902065328195, 6.823804707331773, 50.81171633077821, 39.56241433575308
11993, 15.391518458672667, 6.566909013944323, 40.66473596090321, 48.70582379293181
11994, 12.739513194024678, 6.329980150057784, 26.581613800346176, 62.53136000311169
11995, 16.7825530609085, 6.948097845029591, 50.842179138520926, 40.23598561277305
11997, 15.202441680145172, 7.082485841620702, 42.14525434594065, 49.00071646743844
11998, 16.41906276937593, 7.000436742844986, 48.02531242175229, 43.195010357150984
11999, 15.74819420469514, 7.174868994158279, 44.36698846568369, 47.22190373546745
1200, 14.990133621137309, 7.351440072752593, 40.5191076807229, 51.125988328313255
12000, 16.24030795885125, 6.127195022691686, 40.80052982325427, 42.34032865598742
12001, 15.119324177000648, 6.612040521831779, 38.996121981315, 49.88762559492332
12002, 15.569640714095069, 6.616798560653507, 41.90706174128704, 46.94774398468433
12005, 18.37236519852313, 6.337910213479081, 61.579946828712494, 29.346752753513105
1201, 14.314113233742331, 7.138786815357833, 37.348050526916765, 54.517448914051904
12347, 15.774481903558879, 6.689917461967469, 43.633603044338955, 45.70928869327901
12354, 16.607825207362957, 6.74405134121109, 49.6327833954231, 39.89888238424694
12355, 16.087161401106975, 7.025436872078674, 47.12007017087909, 42.69540640634137
124, 15.592186808820196, 6.832303290040597, 41.936335468452576, 47.33712189631935
1243, 11.885269346203284, 6.659870394726319, 23.729099814220568, 67.7387687890559
1246, 13.830965808138847, 6.544254140969608, 32.62616522018644, 56.3142232038241
125, 15.625416906499229, 6.492842335047165, 41.07486768876151, 47.44248820951428
1259, 15.245235385149455, 6.42112251568753, 39.3170062282276, 47.070621767127626
1260, 16.216660221526944, 6.971498853135098, 49.48264584035363, 40.909631509048744
1261, 16.451145171526306, 7.169573984778903, 49.30037742796649, 41.78058547362607
12815, 14.362914815188251, 7.167056447802939, 37.47462112972229, 53.67268508447538
12871, 16.380758585156492, 6.913246445094739, 49.30558298118821, 41.72689335597594
12880, 17.65249554625757, 6.455584561249984, 56.44203364898409, 33.11758757010205
12881, 16.89592038219915, 6.531095347265779, 49.11811865312667, 37.12252805986104
12882, 17.914741830357727, 6.541912570052464, 59.12931492068464, 31.88451196909181
12888, 12.07904842182834, 6.521464645827008, 23.64458727608165, 66.64405165744213
12890, 11.35548289021196, 6.791755082683058, 22.692187569714008, 70.34533529647972
12894, 11.59012980317619, 6.767273970893347, 23.85466034755134, 68.46987136086662
1290, 11.3205840057704, 7.063424936167866, 24.1114956174695, 70.04976129733006
1291, 10.298606236587226, 6.927192791279084, 20.486189152422074, 74.22960903767671
12915, 16.005498501763544, 6.946258830349485, 45.76059101465525, 45.273084007367665
12945, 16.275996959880672, 7.151872817496092, 48.34947532512521, 42.32762229182604
12948, 11.240195074389991, 5.594276219683534, 14.991573343413819, 75.1547512167462
12949, 6.829280266933677, 3.999230582891995, 4.520135732121135, 93.34464434342787
12952, 16.992010279372042, 7.0893842852884354, 53.283978351883995, 38.1731849280098
12955, 13.514411640110005, 6.496218132161011, 30.73826631371066, 58.381444598512545
12959, 10.810094540076317, 6.120456547884004, 17.131976430023414, 75.0135089931297
12962, 11.057049686257546, 6.8028139884805645, 20.667965488449763, 72.34437331848966
12963, 10.59968913488186, 6.2330332134452675, 16.55190455280147, 76.36056169592555
12964, 13.997723890683446, 7.007391657412137, 34.500149547746986, 56.47954289957611
12969, 15.242604394743875, 6.783087864038316, 39.65712277464773, 49.97419085587515
12974, 12.310313830733483, 6.877023540579833, 25.71594388520883, 66.06095779383217
12975, 11.576400962224369, 6.725507218774397, 21.91600680061243, 69.57571317195969
12976, 15.757384794848758, 6.806775941351628, 43.31051006392581, 46.111266020179485
12982, 14.793314813175943, 7.121734896461329, 39.970492700512814, 50.66926838554618
12983, 14.759847608491167, 7.085329946170656, 38.76940606751175, 50.87950434411053
12985, 13.444150889366929, 6.945606107460524, 30.748204614522674, 60.574523352744436
12986, 11.310008535252743, 6.843209273531846, 22.091618795109735, 71.01782294888791
12998, 12.17750708074335, 6.995600171325552, 25.788883708472625, 65.9170494112512
12999, 11.406546555205672, 6.639604554357718, 21.00012189747485, 71.05497576115596
13000, 15.852192991645211, 6.750087812692868, 43.630484415839334, 45.550998481357894
13006, 14.88485740522763, 7.097336786608867, 40.1515061845298, 49.93785879150145
13008, 14.764613754568128, 7.081042815251842, 38.77131971561843, 50.87177904644346
13010, 13.45982223561229, 6.954144029613535, 30.85032457076999, 60.5006694801783
13024, 11.179515824598935, 6.493026731777657, 20.739790981227017, 72.58322043739113
13031, 13.536841072045545, 6.748749303561796, 30.159601727798517, 61.32586572955561
13039, 10.55235117952932, 6.197720667933091, 16.28876896068068, 76.66292020026566
13040, 13.52396436427305, 7.148344175812489, 32.50475651771482, 58.44397593459145
13045, 15.338253039264947, 6.759718779644887, 39.957178149876476, 48.557782047762835
13052, 14.054399055726774, 6.818792153296364, 32.71914660370199, 57.42716195134292
13058, 13.53853380489813, 6.926118195266239, 30.68725868725869, 61.184977184977186
13067, 15.18766701826478, 6.993143608221391, 41.50965376908619, 49.224902530328215
13068, 15.514889290683834, 7.2458567294346405, 45.37320268921859, 46.572227765691196
13076, 17.223377900893436, 6.636729864015342, 54.58155358561033, 36.022451651677436
13082, 12.812060061949923, 6.502359039919904, 25.73596439487372, 64.91768995656604
13089, 16.881718646415877, 6.828104363003388, 52.380265435660704, 38.53041793751545
13092, 14.088631042028199, 7.727917900493545, 37.593072029221105, 56.383085475746086
13097, 12.049113562526376, 6.400367129352384, 21.959407644723164, 70.06356401560983
13117, 13.720020875365625, 7.194429153338881, 34.63545899478066, 56.44290332484514
13132, 14.243676067352425, 6.560780432569852, 35.223479228486646, 54.80573071216617
13143, 16.14791717453107, 6.3541816341502235, 44.74740829798335, 41.77574121543452
13144, 14.790834140935358, 6.464183255187981, 37.81565509361811, 51.71963532072657
13162, 16.99539878090878, 6.782178003839002, 52.79618199512085, 37.46683908122592
132, 11.482638994554573, 6.384143723348861, 21.009776188060496, 71.94999269150408
13203, 14.747874003920462, 6.892154585078205, 36.93019711346338, 53.55705695937846
13204, 15.134900287961718, 7.366502995680076, 41.43318700959452, 50.54748647241944
1321, 13.8005735221334, 7.217683290314802, 34.3267343390724, 56.96147159441423
13214, 14.270602297851635, 6.449725508180061, 32.59366291670967, 56.34946846939829
1322, 13.447932657656015, 6.980922503649712, 31.503449645108457, 59.2172531890604
1323, 15.218822990337666, 7.45715718758746, 43.62168639793513, 48.54418794527042
13240, 17.672795061053296, 6.367040573629039, 56.00594858721054, 32.92649245804122
13244, 17.153613751541318, 6.230343503615299, 51.26419846965449, 36.75205551066965
13255, 15.016085529511667, 6.997988205199818, 40.9336661658405, 49.51435635950643
13257, 12.18080080069455, 6.487899095512984, 23.63395821372407, 69.36546766181573
1326, 13.524061789357361, 6.98542983122826, 32.642977771692, 59.2678807795883
1327, 12.059291809232048, 7.700548690078944, 29.78640387059374, 64.85028204499342
13273, 15.68202443887645, 6.583056024986654, 43.71923681940427, 44.53366823971178
13275, 11.553706459973444, 6.465965834225192, 21.396837285308187, 72.04282771886224
1328, 14.051520443636853, 7.516617137083093, 38.43806523852297, 54.16077075463572
13280, 10.75321496537974, 5.816990380979129, 15.851773118175668, 74.80191322833124
13281, 11.535364156421291, 6.203094459554498, 20.340808462771943, 72.01732762128138
13288, 15.376985274364756, 6.758395594866331, 42.365530649208225, 47.58478589588076
13294, 14.616771662790795, 7.000652637010601, 36.53532430726729, 54.030174210219215
13297, 20.477529696272434, 6.075928844913626, 76.88522028955317, 18.379595875429644
13298, 16.476715452614222, 6.756755277831392, 48.073022312373226, 40.97363083164301
13299, 16.591057016708042, 6.78076978100486, 49.45543950908278, 40.0028447189824
133, 11.76549748417241, 6.853516446023735, 23.837968304086466, 69.90482117918513
1330, 13.072307232000174, 7.473750398312813, 32.459357320154744, 60.67443368590531
13300, 14.291049773155926, 6.732181355473818, 34.52640768223483, 55.7971409864688
13302, 17.488904701044525, 6.985026115880118, 55.25530592990881, 36.57429068902303
1331, 14.219614124421415, 6.6119549469955565, 35.58595755127547, 54.19242529069118
13312, 16.976985637225557, 6.956342342401768, 51.71154232568821, 39.26715848092545
1332, 14.953820585706172, 6.419229076264896, 36.735403294888826, 48.2464090181132
13320, 17.86740596317798, 6.665849378834926, 58.382994131225196, 32.484196551151875
13332, 15.823594017219301, 6.658428951192689, 42.89627266360594, 46.97688895805774
13333, 15.543921521600444, 6.924614571163476, 41.393669514983756, 48.76399085329161
13335, 15.1017382044951, 6.863206780204525, 40.740419521502645, 49.687155406326276
13343, 12.936539748215827, 7.438061260521268, 30.968437739575617, 62.417650957003076
13344, 14.87618226002198, 6.4811548780193995, 36.978993882615214, 51.08480738863308
13345, 13.912276712710312, 6.700265228735188, 32.94075565682794, 56.07148534788829
13346, 12.158034631326261, 5.930908375140071, 19.23113180866909, 65.14263089424763
13366, 15.898324604102454, 6.85148199109732, 46.00997506234414, 43.8824812967581
13369, 15.244490255958153, 6.3891478944993425, 40.25192071481901, 47.8239926784037
13370, 15.196164128610738, 6.327737942928254, 39.84884919271728, 47.83334151248957
13372, 14.739866118604732, 6.336070620646923, 36.717621733562225, 50.81337366140767
13374, 14.773902001232626, 7.533914730007438, 40.15775800251566, 52.43513936073918
13388, 18.4746577835725, 6.348721084465778, 63.090360445158076, 28.514478711034823
13389, 15.54675121431416, 7.278815517064337, 45.54143932454499, 46.580907244414355
1339, 14.06520316851653, 6.010023139058966, 27.69617273612023, 59.20716112531969
13390, 15.211425121122462, 6.9989953929845665, 42.99772283669486, 46.3524723487313
13408, 13.974196965320932, 7.164549521144771, 35.3927526446095, 56.11636281791582
13413, 13.994390539524531, 7.141756098637727, 35.39942108242632, 56.111211988507094
13419, 13.611313578155368, 6.997219611302406, 32.4016202443433, 59.68444434765565
13425, 12.771493213662312, 6.9622128103518195, 28.70015089458935, 64.0536753610692
13431, 13.184882753667512, 6.89475237966813, 29.4984243697479, 60.91911764705882
13432, 13.507311678950604, 6.996140238489779, 31.88448649714173, 59.87778434851173
13433, 12.584004618800899, 6.698952810718956, 26.41224665804226, 64.56600751555473
13439, 11.301187998003783, 6.32758025158842, 19.61589222357438, 72.24088579606807
13444, 10.648794121420666, 5.791408866699287, 15.630424998392591, 77.31076227829266
13485, 11.40307666769737, 7.269587338119323, 27.070082537052926, 66.28849510398486
13488, 17.067755802380542, 6.787127000888215, 52.25162317775328, 38.2396177875781
13491, 10.547369416788895, 7.229751682454778, 21.61033465114984, 72.07249846873434
13528, 12.759213285633026, 6.893288021885661, 28.652076944521887, 62.869389461945914
13533, 11.089352321182043, 7.542253977770825, 25.64330797863732, 69.3050193050193
13539, 15.175199678646884, 6.153685666132662, 36.76552447280871, 49.019404781938924
13540, 15.99051696674519, 6.4584696987338335, 44.32572476786626, 43.695985173698446
13541, 13.610475887127665, 6.877171981946445, 32.39977650509848, 59.36932532476603
13544, 12.335304599329088, 6.141222926805771, 23.38142378430921, 67.00048602051518
13548, 16.119215422737735, 6.806683269329137, 45.81658938691396, 44.131890777949515
1355, 12.942035526933648, 6.231102743661615, 25.53019809303514, 62.77653007705859
13551, 16.09767344772995, 6.815538734055748, 45.73539202130383, 44.2310646796743
13554, 14.177646281948975, 6.8542726720280704, 33.99910745276938, 56.204690831556505
13557, 13.888442013045852, 7.261359433646398, 34.268889813422085, 57.21935972520028
13558, 14.90788170987051, 7.003495451981118, 40.07465218866644, 50.4504580929759
1356, 15.541103165849425, 6.334311169846543, 40.3627540350689, 45.78931846211593
13566, 13.922922231661536, 6.705373527367671, 31.231301542704028, 60.865267046489244
13568, 14.984753247574067, 7.382898791696024, 42.28761588888023, 49.237053278278
13569, 14.657539624735499, 6.637411154562775, 36.81202510736703, 52.82237639026539
1357, 12.789651169559882, 6.693615068039665, 27.521358683710528, 64.99243883209037
13577, 15.267299275276972, 6.507774038313954, 38.871797078376105, 49.611669284223666
13579, 15.166459697161095, 6.479585090013653, 37.82813888279889, 50.44136482697345
13594, 14.703874126069987, 7.247627721057591, 37.52984699890348, 54.079175249280084
13595, 16.607975004163155, 6.827024980454693, 47.01029307770881, 43.71022236190776
13597, 13.303184288823903, 6.952991671194393, 30.920335589182063, 60.906648417103895
13599, 13.965005816254921, 6.823487348578714, 33.32195461154308, 57.69391238384222
136, 13.07926495041606, 7.054290501464585, 29.80353105018045, 62.402102457359355
1360, 13.87679920047505, 6.238478004532762, 28.90191190040634, 59.555454825079735
13600, 14.046254992439113, 6.704767525563575, 32.59878095562849, 58.44593154596991
1361, 11.712399224356988, 6.4906895249488255, 24.982625929834494, 66.43458340840648
13617, 16.727861608481337, 6.749937757016494, 49.95246133845587, 40.33800958534645
13618, 16.561822952974435, 6.526108589797987, 48.853627531099605, 40.45446290747299
13620, 14.461409620381797, 7.035082075352953, 37.03681844561828, 53.60167615899903
13625, 15.669053495430182, 6.946679230421756, 44.026175305665575, 46.10125710349578
13628, 18.92016624748782, 6.860687898659082, 65.75201078618252, 27.47779999070157
13629, 11.127962051079916, 7.431733212636872, 25.224667209997282, 69.88861722358055
1363, 11.782875870817234, 6.539074416020958, 25.63608229116461, 65.72004769031734
13638, 15.61759588424559, 6.984350922142287, 43.69260438349455, 47.015427941716666
13644, 11.65975019595651, 7.324507746048603, 25.741890959282266, 68.84594739667203
13647, 12.48615708271778, 7.375462243520505, 28.92113660537912, 64.38839082206351
13650, 12.27829310875853, 7.393551860229177, 28.216543089826178, 65.47496049592804
13653, 11.942995758058517, 7.431361475859157, 26.904516207357048, 67.45325968192303
1366, 14.40317898702809, 6.392707314587066, 35.517071642726094, 52.88069987022867
13661, 12.035707764250224, 6.829094912418932, 25.191651573227748, 67.47609620487763
13662, 12.996784703740577, 6.775131642660938, 29.108828988782182, 62.37692680171092
13664, 12.68550122574818, 6.191391410880584, 24.369789112309956, 66.18146150073565
13666, 14.583412944373999, 6.748672660081044, 37.20081957985275, 53.09256298831423
1367, 11.70922197829352, 7.137107063153085, 25.091990155225773, 69.00601895850087
1368, 14.65921013077105, 6.668994267659575, 36.37264004952027, 52.31816774992263
13680, 12.309256477624062, 6.613116397645683, 25.094462540716613, 67.55421126105165
13688, 14.479285683832947, 7.1841251461491344, 37.346903570812486, 53.91705069124424
1369, 8.706831034313925, 5.347660466382245, 9.663478750063929, 86.37293509947322
13694, 15.248743659420349, 6.965082082538939, 40.378056373892925, 47.10184660278989
13697, 17.071757374448005, 6.673398365803177, 52.702993575733494, 37.50745082455792
13698, 16.04788543940075, 7.068558625993744, 47.501772515015446, 42.81581327878605
13699, 16.592125933869657, 6.170216797355734, 46.68979979030406, 39.84888578228236
1371, 11.124388958077672, 6.467080882091793, 20.54112890685741, 72.20753641217021
13716, 13.20275256618928, 6.692611597926488, 28.61589038142844, 62.32063701647782
13717, 14.394547384943543, 6.573795078894709, 34.05579077777626, 54.48109675574857
13719, 14.25379405563379, 5.846647109348952, 28.965451422027105, 53.03493033021569
1372, 13.548259852031947, 6.83631203219796, 30.875970220180584, 60.00950419768731
13720, 13.651017476873538, 6.943336903353485, 31.851554787759127, 58.239758144126355
13723, 13.522188982951022, 6.105442757163785, 27.039982860662544, 60.74556117940065
1373, 12.92971880599552, 6.254229504533013, 25.774296902812388, 63.702385190459246
1374, 15.733811897508573, 7.305056144567751, 46.72574495127807, 45.480864284705554
13749, 15.799122526990036, 6.909861511185587, 45.11201048851394, 45.302969845522426
13753, 16.36090803729124, 6.757627463474075, 47.7131377621223, 42.40189333480103
13754, 16.085123160502512, 7.035343419330431, 47.187834326761426, 43.63441846247898
13757, 15.768366265947904, 7.145543782922264, 45.25025223958174, 45.90760387684594
13760, 16.17416694999956, 7.101970669423618, 47.664945078926316, 43.633156325016365
13763, 16.37943441201192, 7.007019909398449, 48.476032141867556, 42.451163757273484
13767, 13.01915236242013, 7.136648101291221, 29.69549838521871, 63.371926972340006
13779, 14.503096639773577, 7.262909817593547, 38.44988092660749, 52.33971484242106
13783, 14.059604300874945, 6.98714630774325, 34.58680442438064, 55.746885713842474
13784, 14.004540427202178, 7.17183564291003, 35.08826843620884, 55.39000876424189
13787, 15.731970280252686, 7.0115970701786114, 44.185168319690796, 46.57751813143485
1379, 14.967708513362858, 6.617898759353978, 38.486431065970336, 50.820757638866645
13791, 15.68954708282768, 7.02331508323789, 44.00135718299704, 46.73586886219291
13795, 15.768759588855056, 6.977713703461186, 44.24379232505643, 46.43460812859183
13799, 15.761591694387548, 7.0006730318898684, 44.281805441238625, 46.429604253331256
13803, 14.962871274314343, 6.983681158594504, 39.65018120746044, 51.42645628922479
13807, 15.5295750527778, 7.315269827888933, 42.92732508893783, 48.58970015246485
13810, 14.885637292937155, 7.013977133792989, 39.38493603246048, 51.662934303008804
13817, 14.87523376941151, 7.0563044940221715, 39.577126595224335, 51.525190092934324
13832, 15.430049499226195, 7.328529297191959, 42.48219131614654, 49.04808344640435
13835, 15.636959966537745, 7.637917501344477, 44.887483503864814, 47.839648996520815
13841, 15.415845974278177, 7.3359967478092125, 42.88015114676413, 48.106793861211344
13856, 14.07605629901157, 6.853575154458101, 34.14993074792243, 56.091297322253
13858, 13.866337537797458, 6.798127653605112, 33.103499498656895, 57.14568659247614
13859, 15.328830376158608, 7.307501057475828, 43.6130062418348, 47.40407412783665
13875, 14.104665626901468, 6.799371228502402, 34.0523389514744, 56.21197566442523
13877, 13.955751940947087, 6.716160889335862, 33.20331304852308, 56.90074432498488
13879, 12.05645527198881, 6.927260217756966, 25.14918618743001, 68.32497277064445
13881, 13.075928079338585, 6.821537254428752, 28.520280292568156, 63.09395938826658
13891, 15.446784503909123, 7.618284426003077, 44.65078931182943, 47.42704845212875
13892, 16.554951457074512, 7.185051522565091, 49.75687157700773, 41.58775656446742
13893, 15.411046727639128, 7.323051547687304, 43.350184217290725, 48.15354296975409
13894, 16.51974365942991, 7.327915079310852, 49.981104850900095, 41.830424625532494
13895, 15.189138721529437, 7.595070293912988, 42.90911174128498, 48.567309253053004
13896, 15.77093293186937, 7.267570395549333, 44.97364861713539, 46.594841658504734
139, 12.62371498761508, 6.8824314014638075, 26.638998594283418, 65.42606600174041
13945, 12.16315431329556, 6.199402720331534, 23.376219577570495, 67.89428540795541
13948, 11.367132611684791, 5.797326856632065, 17.886510243141704, 73.87644431842347
13951, 12.221803316685305, 6.209469006566318, 23.635481261795633, 67.59881369641413
13963, 13.752419727495306, 6.533468456045294, 30.40325382121353, 59.24038906901343
13964, 13.739094675891673, 6.543390482867043, 30.395193977996527, 59.27185871453388
13976, 15.27914642180574, 7.617732360607724, 43.70466364845078, 48.29594223875322
13977, 16.636925360460857, 7.112659307142615, 50.611308791042006, 40.47791699691394
13978, 19.647096435496177, 5.88895860475316, 68.9664843640443, 22.212873369793858
13979, 16.45463201513602, 7.1507735323010415, 48.940377205435006, 42.447441357398766
13980, 15.914725169488317, 7.152363433947038, 46.033557046979865, 44.98154362416108
13981, 19.00491637357132, 6.271340505649123, 65.4720732006209, 25.317937964652376
13987, 12.861277707211077, 6.368851946428015, 25.901534247373714, 64.49812772281555
14006, 18.317398464017867, 6.8319012574069635, 60.74751557712189, 31.751250360904915
14007, 18.30309616533754, 6.844166150521017, 60.7186149589614, 31.807456347333645
14008, 16.727312499340908, 7.387121031045523, 51.52728038761323, 40.89089760039834
14011, 14.882333404334808, 6.9458967477114, 39.815995052816234, 49.2105960599215
14014, 13.932168274085905, 6.788709636848271, 33.6815572600258, 57.21473371208019
14016, 11.537222300549958, 6.206656741022696, 21.11583859456492, 70.64461524384664
14017, 14.350937969950943, 6.75797683424381, 35.57051331932664, 54.67408502580863
14018, 15.694122972406854, 6.9518987033658455, 44.15944832226053, 46.30873289522688
14020, 16.966656094633997, 6.9538212859521, 51.69900465263674, 39.03173299915014
14021, 14.648805594480043, 7.662553049554308, 38.962794957909885, 53.7728442447769
14022, 13.755882601900716, 6.623049283375868, 31.578232401445376, 58.39106691661912
14025, 15.650072948140858, 6.826897736136686, 43.25549738219895, 46.01884816753927
14032, 15.53425468480875, 6.437828551440602, 40.60270352678118, 48.448013009452175
14046, 17.035356225957187, 6.626745544405938, 52.253239540910776, 37.74972232506479
14047, 17.46416903038459, 6.82989625302562, 54.898270411009854, 36.50065092058769
14050, 15.772095660137323, 6.760141209589374, 43.40041067761807, 45.21443238486359
14053, 17.37565219882314, 6.7970122383157205, 54.41210484298175, 36.76741600698356
14056, 16.993418135913377, 6.61694342443512, 52.05869486234587, 37.916614145788074
14058, 17.000490256042553, 6.614327294048844, 52.09198055623377, 37.870951989878584
14059, 17.3085642687748, 6.554749705407623, 54.023126092264974, 36.022599411074665
14060, 17.268149116015444, 6.561532275467306, 53.97319060706881, 36.17459858238102
14061, 17.140692669440263, 6.531514128408757, 53.078088914549646, 36.7277713625866
14062, 17.28693940534969, 6.635825487228175, 54.51176825588413, 36.002414001207
14063, 15.832680647160043, 6.8421182572135555, 45.4794153817838, 43.76521571809823
14081, 13.517062838321728, 7.138004710540535, 32.28940984159521, 59.38558140138296
14086, 17.312819048238463, 6.750853488457614, 54.1437616387337, 36.9072625698324
14102, 15.308496549244433, 7.115952969034966, 43.187403188800765, 47.383622747865786
14103, 15.2081889973917, 7.152857616938469, 42.71498197755877, 47.90137353754775
14107, 12.493733000030074, 6.398671978534486, 24.81080920033369, 66.32254796806102
14108, 15.774325875249245, 6.957896416627475, 45.444561523278075, 44.82717680058176
14112, 12.102950199012856, 6.9798062727250105, 26.61349513137936, 65.09272398101483
14113, 14.98820926357732, 6.211704969584172, 36.62478438137055, 49.645209346087505
14114, 14.472414056470162, 6.358680955435749, 34.252305632929456, 54.29285721316155
14115, 15.998804629231403, 6.1052691806075545, 43.716171488649195, 43.67041781862077
14116, 13.805896410454448, 7.483810364165893, 37.04130589602309, 55.68893136924172
14119, 14.828665108651174, 6.45681403394806, 35.939777453873226, 51.18916420775712
14123, 12.354025882936448, 6.396537950678249, 23.805466893853943, 67.46262209316278
14128, 16.345243544797075, 7.12130952516035, 49.24681658087239, 41.789487943646705
14131, 15.392910638056017, 7.254683833973452, 44.44488256246468, 47.05781843513005
14134, 12.516381943729025, 7.01816731754616, 28.182306632092878, 64.4193706636765
14136, 12.541503429047966, 7.056703544798048, 28.43132719618818, 64.07457093953832
14139, 17.13237275002461, 6.66570111160506, 53.32271829819757, 36.764537290618435
14140, 14.783665925919363, 6.912937105901925, 38.996216560083035, 50.56751598754479
14144, 17.219799012463806, 6.907578640633861, 53.61391259374192, 37.50969743987587
14147, 13.099759617492662, 7.315554431564522, 31.2657156214857, 61.54963925146259
14151, 16.91973581855938, 6.683444270606939, 51.360469758038555, 39.069240377557726
14153, 16.802238857716528, 7.115939346692255, 51.135433050395804, 40.28935019692972
14161, 14.982608037757231, 6.790358350972825, 39.12505195390914, 50.9723118826328
14166, 14.960939703382417, 6.771208926369957, 39.40982827665784, 49.13459580533496
14170, 14.673758240031576, 6.765912058128278, 36.167244925885704, 53.83460903496924
14175, 14.18810353044982, 6.7803371670861825, 34.255274876191265, 55.60281326730201
14176, 16.217131983558634, 7.340260514295579, 47.895015906680804, 44.38096500530222
14177, 14.488143151667158, 6.705070371891666, 35.05326347201499, 55.3072625698324
14183, 16.037805776491368, 7.332214830798875, 46.772082369165325, 45.139424537783704
14187, 14.113587397333195, 6.817259492211281, 34.347541935952364, 56.32125481083436
14193, 14.94265048472398, 7.126534199078363, 40.403766682474085, 50.49793374432626
14197, 11.623808208834195, 7.236118379851023, 25.922926605989122, 67.85557100857349
14201, 12.210392991585792, 7.224017836295977, 27.738047126214617, 65.37576215494369
14205, 10.894197472973387, 6.802071042385461, 20.955114503816795, 72.98931297709925
14255, 15.827042134778019, 7.486451582655566, 47.3391654966339, 45.05238146668107
14270, 12.535947228787933, 6.885420575352625, 26.818404421538677, 63.86394906835196
14271, 11.578530776155683, 6.602000555868625, 21.278219395866454, 70.55189643424937
14272, 15.24831870120008, 6.789322223183641, 40.16967043277689, 49.64032995816881
14274, 15.777834446202538, 6.795515832848721, 43.78701875616979, 45.84875781507075
14278, 14.79172577086232, 7.053868533073765, 39.016171692894844, 50.79409171608352
14279, 14.83908241353499, 7.100988517749186, 40.354017501988864, 50.31353830314942
14281, 13.509656342220994, 6.980790160908181, 31.316484968615793, 60.102411628675256
14282, 10.360090755802066, 5.980203686044651, 15.865648471923855, 78.1647405641886
14289, 16.59489540013162, 6.897633586162738, 50.59242119460949, 39.72768391800286
14290, 15.702040766114022, 6.951789999132998, 45.1098244433357, 45.28967429771533
14294, 13.16391378460798, 6.7135217829205125, 29.802731411229132, 60.77527934887571
14307, 11.521599407160943, 6.936040747381735, 22.660561880126707, 70.3733418173267
14308, 12.09065581823419, 7.0387062097004485, 25.588458618071375, 67.63097949886104
14314, 15.61349353452072, 6.715883745886647, 42.829264510125746, 46.50736006823733
14315, 15.613292003996623, 6.6767564201727545, 42.57078361818768, 46.73202192841019
14316, 15.359605964351914, 6.722189486613688, 41.57339391996432, 47.677125294453816
14317, 14.738754695599221, 6.78289941818662, 38.06855206568487, 52.328200927184376
14319, 17.1401434596011, 7.0792446586905395, 54.34880501676146, 37.09868410080222
14332, 15.85558681056403, 6.793684769434927, 45.15962392809175, 43.88194372696904
14333, 14.995204750026991, 7.091652860906627, 40.79260101271055, 49.97416554717371
14336, 15.726230090325188, 7.051794584075237, 45.14472310919594, 45.796777960339355
14342, 14.20484251254746, 6.820635257832448, 35.31323975594305, 54.52105491281299
14349, 14.412101598639314, 7.23730894050542, 37.97573449642438, 53.585582394225874
14351, 12.587385559235395, 6.9542652701403895, 26.44070937923525, 65.58746191893802
14370, 16.37925874669281, 6.950589975097664, 48.43026749606146, 42.286141202839
14373, 19.67304892489078, 5.404540998789094, 70.57439420102848, 19.51839693352815
14377, 16.465248590917128, 6.946113132767935, 48.940213889962635, 41.763303697977065
14379, 19.712053165831325, 5.380775268796891, 70.7811703393191, 19.23941162031005
14387, 14.506295865873488, 6.661324803009808, 36.81106093549646, 53.77041868762892
14389, 14.067344055043163, 6.586503587466426, 34.09724142331497, 55.582023523406434
14392, 11.918838843851097, 6.345117020924399, 22.733439792524642, 68.83187052000912
14395, 11.054073506523176, 6.482018262155816, 20.501648845807935, 71.68681922654142
14397, 14.817415845364744, 7.169401714528231, 38.6578600501166, 51.55346977795159
14402, 14.664049399046288, 6.681330686586368, 34.03226113618618, 54.373535965263095
14404, 14.15025661658504, 7.0839661317479745, 35.2287166454892, 55.937391706133766
14409, 14.284642130880624, 7.0825139377733075, 35.957664098041036, 55.01191470925014
14414, 14.313302186045432, 7.131156802294769, 36.276726679451585, 55.0047227867304
1442, 14.719589738835746, 7.127058105715363, 39.72400352068402, 50.82463640554927
14425, 13.879754240841583, 7.1907485260695605, 35.100162850471875, 57.34691074616909
14429, 15.925246976475961, 6.876658195484801, 46.37264227547966, 43.87281627728928
14433, 12.793145752236716, 7.135556378794208, 30.809954033919794, 61.35784857610821
14435, 13.854122743825295, 7.105479852762377, 34.89592102581371, 56.67673930188663
14437, 17.321609360761276, 6.672000950690215, 54.09187709157286, 36.5492850623669
14439, 11.72051508392154, 6.896613192965459, 23.47138706844132, 68.27434439757931
14440, 11.20620716447685, 6.544049144335677, 19.939273123281097, 71.97150082138177
14441, 15.575020297435028, 6.903135849895191, 42.618481113482495, 47.65590695109623
14443, 15.907281434962753, 6.76920066402781, 43.82085555723509, 45.49979485629143
1445, 14.410574271697433, 5.884347301500574, 30.368890255149093, 56.861358745773124
14451, 17.535438286183556, 6.243159193027815, 56.62593364828842, 33.2286415582359
14477, 13.801144873473103, 7.153134239424897, 34.56772146563154, 57.403646452028234
14478, 14.429311338179582, 6.907291691707016, 35.983705255915055, 54.67027382050761
1448, 12.561140069167285, 7.4747550956654685, 29.327146171693734, 64.0139211136891
14489, 15.31314256479528, 6.5945573005767635, 40.07036293333776, 48.069168091073536
1449, 13.499467515594382, 5.9312950493892505, 25.613864691777703, 61.817464412541355
14496, 13.684715187490244, 6.612030747299067, 32.03631080475842, 58.21854210589559
14504, 15.926459675734664, 7.053443881659431, 46.35947966756539, 44.41726658698613
1451, 14.289938911138224, 7.027287159141403, 36.44187540141298, 55.165061014772
14513, 11.974610993275494, 6.950430614731881, 23.96263492153903, 68.46751915245066
14521, 11.382533122305382, 6.850246465202099, 22.350291467938526, 71.4820023643553
14522, 12.476765110395668, 7.0782700655555235, 27.136666044281093, 65.84184199923348
14525, 12.994036034275245, 6.766076848710465, 27.910826510180208, 63.812176602367124
14529, 15.077131377335554, 7.044041594018529, 41.43980165094108, 49.25176359468315
1453, 10.65581975537922, 5.1764220453854115, 12.385105669238511, 80.37906742703791
14531, 16.833690024207208, 6.507513921574092, 50.10784198804361, 37.73883483765092
14533, 14.598261842409164, 7.342285669651214, 39.62979820967987, 52.64754968896981
14547, 17.534203913973393, 6.669075908571193, 56.17176397899289, 34.50725980846463
14549, 15.186344846942017, 6.518676933164181, 39.759544254089406, 48.25016247009859
14550, 14.510339501765216, 6.755531816366816, 36.71304006341495, 53.16092998901875
14552, 14.717418546274029, 6.91563700340248, 38.380963558476616, 51.80740566868142
1457, 10.456440652859188, 5.242361009409879, 12.532084188911705, 80.64681724845995
14571, 10.066487691304546, 6.481234067870352, 15.870161014045905, 78.77575490627906
14572, 14.681884718637862, 6.931969077991032, 38.304160036371904, 51.99590816094567
1461, 14.094795200868832, 6.148014414537983, 31.450990912444247, 57.382381543207806
1464, 11.842410962601459, 6.969247660499844, 24.40917442818222, 68.9507698156244
1465, 15.527616657314878, 5.882358269491317, 37.67317037789222, 50.025386233408284
1470, 12.845471522517121, 6.629544398348664, 27.181350616011784, 61.57767714293462
14711, 16.605700969040775, 7.240734284999978, 50.457833340301875, 41.26144583350755
14717, 17.665382953410845, 6.858376909984653, 56.277599695142456, 34.71565309004506
14718, 17.81987958707573, 6.872622687606516, 57.771559908064354, 33.80433696412511
14727, 16.4203589469696, 7.313005847626613, 49.780991302525415, 41.877816200356285
1473, 10.202706591409276, 6.726520047500987, 19.859344894026975, 74.5539499036609
14733, 17.77554781266424, 6.882202956280746, 56.995644560190385, 34.403484351847695
14734, 17.798907830101374, 6.868078222227033, 57.63277208540556, 33.94651167435636
14744, 17.623388782338807, 6.895895595654396, 56.005543371500075, 35.79914696661868
14747, 15.896220002454877, 7.12283091345724, 46.00569729997523, 45.168441912311124
14758, 13.809897688319989, 6.535604332664997, 31.406801142176548, 57.980729588175116
14759, 14.430887977357418, 6.955089550105493, 36.60264860977948, 54.17365771812081
14761, 14.52388678358481, 6.957313718223764, 36.876064551517075, 53.83094200178989
14762, 9.564992875481412, 5.827831882990526, 13.48192625752235, 80.59133371754835
14764, 13.590082657993795, 7.007676765411931, 32.70332187857961, 59.05344620456514
14765, 13.671966949834877, 7.0423531127688355, 33.1512452026781, 58.70381264532033
14766, 13.73598728464663, 7.0861807550772165, 33.345930964978585, 58.60558215055569
14767, 13.716782712694288, 7.080448705589021, 33.44241661422278, 58.53436822599818
14774, 13.90113437286372, 7.425400003935436, 35.466543246237784, 56.68924699513332
14776, 14.970516952396588, 7.030175308706758, 41.17245258759241, 49.09434265509483
14777, 15.754682577207456, 6.613595508862591, 43.71654409925459, 45.32909767038538
14785, 15.706481535386418, 6.990801025486523, 45.12876321002559, 44.87880359465733
14790, 16.056271287547244, 6.7165207076733475, 46.2774970973107, 43.0406062698089
14799, 15.197637449708422, 7.136000324671137, 43.33978056876441, 46.90490468508492
14803, 14.664531260460844, 6.990428443985725, 38.98195497560689, 51.33133486157644
14804, 13.71641730994132, 7.592990988342778, 37.02393075356415, 55.236761710794305
14806, 15.131804268839142, 7.015418433108326, 41.56406495017452, 48.37169305478274
14808, 15.07752946502995, 6.9332825049763365, 40.65511754285886, 49.027731908207485
14814, 14.925715720620406, 6.920692623829626, 40.081447413740705, 49.41345705776283
14816, 14.54090840350398, 7.157472267030969, 38.98338914639285, 51.64888780466168
14818, 14.363154574951436, 7.066990034583364, 37.37113036572741, 53.867861650382174
14819, 15.902615247824285, 6.863554029200924, 45.38756471191053, 44.86986942770818
14838, 15.41582703422728, 6.577326974109872, 39.48558377657536, 48.79289995248241
14842, 13.13980493995657, 7.493426288561432, 32.19042025806228, 61.437479488021005
14877, 13.908010268778936, 7.093046371065433, 35.401400687374355, 55.56059918293237
14878, 14.75242803434006, 6.951788215624499, 38.617407856030454, 51.237238276518426
14879, 16.83409111684336, 6.999442113787259, 50.16004676148857, 39.9309711359145
14880, 13.234882829307516, 6.967967570897739, 30.463778639811967, 60.81576885593625
14881, 14.673532692322466, 7.059717667322255, 38.625313378409174, 51.99612550330471
14888, 16.298243521475424, 6.99677161615507, 47.03620858381099, 43.219628128058154
14889, 20.823021212131167, 5.842243100114737, 75.12065530219172, 18.653973876466683
14890, 14.344363789209247, 7.288148974420691, 37.57946379215036, 54.87032430440391
14891, 14.417609060081537, 7.2640919388112035, 37.815461005830905, 54.56678206997084
14892, 13.083525799279546, 7.354916706813203, 31.807461406518012, 60.44811320754717
14895, 13.041157194421638, 7.522520575395184, 32.011021646599694, 61.0650684564334
14897, 12.332275648541144, 6.531205251683826, 24.130762878377993, 66.28413588860096
14923, 13.420655814186391, 6.686743733175023, 31.31051175656985, 59.86053480866759
14933, 14.313136796913557, 7.1692831389874705, 37.17683091613368, 54.139266732726774
1494, 11.82495172230919, 7.546649053189461, 28.300332460501927, 65.78795100375612
14946, 14.824193411555934, 7.095150409987092, 38.99229093535899, 52.782825603575745
14949, 14.415805408155578, 7.391898234049677, 38.47248955047094, 53.976515608806075
1495, 16.469247133488643, 7.649791366493852, 50.78125, 42.72234824780976
14952, 15.355344111165076, 7.149308520227436, 42.119133695982704, 49.24710837810139
14954, 13.378321536115742, 7.114875629130541, 31.715384039340005, 60.77107411197923
14955, 16.287645645606016, 7.0018702334976455, 47.56849081095853, 43.465190954430554
14956, 13.929218151867284, 7.4833325298007045, 36.08516158000424, 56.042256507477205
14957, 14.141863959855863, 7.08345544380728, 34.80627296504548, 56.29149591791352
14958, 11.668859337663159, 7.262446064563638, 25.614829155983465, 67.8287373763801
14959, 16.75758014075721, 7.202221680282269, 50.333949126048026, 40.754582918857466
1496, 14.781056484703761, 8.113078339215937, 42.433589081235304, 52.56968809037282
14960, 16.89185416308212, 7.190530877647084, 51.42531519338984, 39.29624617137973
14966, 12.96598514697811, 7.127838700697598, 30.5738186087467, 62.522747285001465
14971, 10.425006351752746, 6.731645862024225, 18.985433574646358, 74.63408648705499
14972, 10.277275988552866, 6.767876770185467, 18.68459012368413, 74.95933462234909
14987, 9.893970306468713, 6.397681682185339, 16.418691224954074, 77.80629934670739
14989, 10.367691114398596, 6.4946266001481305, 18.375810039655676, 75.57549085985104
14991, 13.543116847955416, 7.660926413625383, 34.86962190352021, 58.79889178617992
14992, 12.834497838988996, 6.618376037230321, 26.087172976875017, 64.30687277524706
15009, 16.208398433684394, 6.625118444123823, 45.89684037354236, 42.63681230947888
15013, 17.128767082130974, 6.777280605832454, 51.735276557309284, 37.88827482739088
15015, 16.16164613929329, 6.640334403844989, 45.64643799472295, 42.93009739430712
15018, 14.466767579977047, 6.908772058423793, 35.96132596685083, 54.64779005524862
15019, 18.157809702168773, 6.909488874863863, 58.598075990711685, 33.13684962617061
15022, 18.24769340911331, 6.710550664474287, 60.70562545228332, 31.444640522046036
15024, 16.969378255431323, 7.12034970998415, 51.44300241738355, 40.12451551041906
15025, 18.4288526158083, 6.687789347341569, 60.66064178785555, 30.676604783871092
15028, 17.35386271247098, 6.7539976764603145, 54.98387440862375, 36.35599282191574
15029, 10.296611254061062, 6.327918939579322, 17.27068305931139, 75.90456443652718
15030, 11.088248949896975, 6.915750539251152, 21.98895966029724, 72.34649681528663
15040, 12.184920986464801, 6.416420194400054, 24.05849902458561, 67.84491557174786
15044, 12.499589523963134, 6.522853403282468, 25.80973879393744, 65.79039019671073
15051, 12.047079628837853, 6.907776050947489, 24.5739097348896, 67.9047437863002
15052, 13.001769473710914, 6.506706757001023, 27.118684404674077, 62.24565077702944
15055, 13.492226520126318, 6.942346254851298, 30.64259083266321, 59.3128152642737
15061, 13.512416396123475, 6.779260028744549, 32.57872853901342, 57.905643796807574
15063, 13.565136193488778, 6.827320914475021, 30.92911817785799, 59.91038645839816
15068, 15.347695260357737, 6.685784059265285, 39.74389625790163, 49.04319718458022
15069, 15.970154632493374, 6.609487509237574, 44.086791102405215, 45.19993219445125
15080, 15.40733339170036, 6.582698585136835, 40.04020119650954, 48.66154784132912
15081, 15.89545904343565, 6.6265167997498455, 43.87019117743861, 45.53934982744191
15084, 13.322002597159864, 6.8740544236965695, 30.621984128039138, 61.07248727185718
15096, 14.16598034482451, 6.80050299108693, 35.21386140837478, 55.6589895904686
15109, 13.660264792307927, 6.876807528450662, 32.58525211308657, 58.91307759567742
15116, 11.754861159472735, 6.373454958077537, 22.2572145147465, 68.18502174672211
15118, 16.214381424936764, 6.677931463386385, 46.25883987203233, 42.65659201885839
15119, 11.657792547295108, 6.677831481037611, 23.331250244112017, 68.88841151427567
15120, 12.989557074403429, 7.508352490968141, 31.91552964789785, 61.51645207439199
15121, 13.035429729192307, 7.505066480750929, 32.134287518417175, 61.32182698379288
15124, 14.33975420060788, 7.039842918551135, 36.81326039702898, 53.63908891429984
15125, 15.463606796393808, 6.776260222902278, 43.4854274368772, 46.510184204047995
15126, 14.958447795625446, 7.325941075999342, 41.07845870741092, 51.06005687838064
15130, 12.586921852865688, 6.973062604312468, 28.152861238757314, 63.599230195200505
15131, 12.616335682898281, 6.971454637627587, 28.25641025641026, 63.45167652859961
15133, 14.690049745405716, 6.548464809144479, 36.151053391804496, 52.38721095163116
15136, 12.200530198083703, 6.961113559387346, 26.3632242753913, 66.55067594592433
15141, 10.244746047951791, 6.282976412987889, 17.02452737940026, 76.40360169491525
15147, 12.16284527736365, 7.021491875092135, 26.537162676077763, 65.95728497976818
15150, 13.84181894743976, 6.511289192945317, 32.41313443696562, 57.209614335091864
15166, 12.854439819390446, 7.018693161487767, 29.7810779138623, 60.76099017909922
15173, 15.892367727453244, 6.872053341590997, 45.064343828176064, 45.07448558743323
15177, 15.285231802285612, 6.780816748229645, 40.34748676019697, 50.253646752764105
15179, 15.12907737768317, 7.124255212698172, 40.4562402277192, 50.98424407649441
15184, 12.447426493506235, 7.1450908045963075, 28.587069677280397, 64.56725419104713
15185, 12.631096126602664, 6.7907593418568135, 26.96182715851162, 64.12582453605212
15186, 11.872475374699818, 7.375631377065408, 26.9377269030095, 67.13551689249509
15187, 12.623650520878751, 7.247538265810842, 29.603628000148387, 63.33234410357236
15188, 11.863699451613403, 7.400243621994633, 26.94995390882869, 67.03143120520978
15191, 14.797297076815475, 7.202228848967455, 40.26975193351468, 50.76024418065357
15192, 13.725207302979523, 7.082865053818322, 34.35210120874303, 56.79213377591282
15193, 11.939222345005636, 6.781435485876406, 24.732986706964116, 67.86491816714903
15195, 12.734992944957666, 6.618991837137795, 27.57631397750746, 63.861474511004005
15199, 12.233987258597622, 6.536837574223651, 24.46999347684279, 67.04174820613177
15200, 14.708778420139556, 7.3145882182330455, 39.200339694963105, 52.51730034313782
15202, 14.927081279574029, 6.439082712574228, 34.21212225235431, 53.01111072969231
15203, 12.931915780786497, 7.258779002238501, 30.03337041156841, 62.716907675194655
15204, 13.866529255806997, 7.460817642557731, 35.112706961899065, 57.800385663940425
15206, 12.88570188154646, 6.583326437955358, 27.133368048058728, 65.36698121594677
15216, 16.274213610268635, 6.991272303287827, 47.13021963914758, 43.650071190159416
15218, 15.70167577918364, 6.944294536075968, 42.75319185121296, 47.441052490919475
15220, 16.75585401398626, 6.923912684540565, 50.527772565209226, 39.70960780634265
15222, 15.503446709756714, 7.033188019646552, 42.130000728703635, 48.50737205178654
15230, 16.464029468327357, 6.72225336299889, 48.50599593055976, 40.64331789254946
15237, 14.758238502370261, 7.3487954483547195, 39.13634207929041, 52.8564287270723
15238, 16.496688645330874, 6.6935306819470695, 48.636355653899514, 40.634494143266075
15240, 16.730003990990575, 6.709680350588622, 49.42362731715909, 40.023777024349435
15247, 12.275155216212296, 6.766637956136104, 24.914519559540153, 66.88070430498344
1527, 17.701561384044734, 6.750161973749215, 56.8046839308471, 34.51994517781144
15287, 12.620105428211476, 6.701036500046499, 27.332095201566503, 64.1449825383047
15288, 11.342129851055779, 6.374489373790892, 20.221041901389558, 72.7217125382263
15290, 14.99294275866379, 6.572209343897863, 38.1466088955699, 51.033468918560445
15292, 14.953696441633925, 6.686931695712781, 39.35011331413744, 50.480079703084115
15293, 16.622427692946385, 6.203222836437252, 49.07149032095685, 39.09261022290798
153, 12.394060067931356, 6.649343904221023, 25.729372007885104, 65.74626865671642
15302, 15.130225298875713, 7.222028590589485, 41.44264511767168, 49.84707511026689
15304, 14.700526025133033, 7.404229708846388, 39.287750764605256, 52.572011127814356
15306, 15.032096341508208, 6.980384973588397, 39.63459315106414, 51.052742993926174
15308, 14.031850839578786, 7.336573582885823, 35.97591188016923, 56.87959751495979
15320, 17.548012926383365, 6.5435127690491255, 56.879456563014216, 33.94582507067213
15328, 16.614251346316514, 6.747405195404295, 50.19400191719542, 40.35353996439494

------------------------------------------------------------
Sender: LSF System <lsfadmin@hpc.dtu.dk>
Subject: Job 24644173: <gpu_numba_less_iter> in cluster <dcc> Done

Job <gpu_numba_less_iter> was submitted from host <n-62-27-21> by user <s242964> in cluster <dcc> at Fri Apr 11 13:46:24 2025
Job was executed on host(s) <4*n-62-12-22>, in queue <c02613>, as user <s242964> in cluster <dcc> at Fri Apr 11 13:46:24 2025
</zhome/c6/c/213742> was used as the home directory.
</zhome/c6/c/213742/mini_project/gpu_numba> was used as the working directory.
Started at Fri Apr 11 13:46:24 2025
Terminated at Fri Apr 11 13:56:05 2025
Results reported at Fri Apr 11 13:56:05 2025

Your job looked like:

------------------------------------------------------------
# LSBATCH: User input
#!/bin/bash
#BSUB -R "rusage[mem=4096MB] span[hosts=1]"
#BSUB -gpu "num=1:mode=exclusive_process"
#BSUB -q c02613
#BSUB -W 00:30
#BSUB -J gpu_numba_less_iter
#BSUB -n 4
#BSUB -o gpu_numba_less_iter_%J.out
#BSUB -e gpu_numba_less_iter_%J.err

source /dtu/projects/02613_2025/conda/conda_init.sh
conda activate 02613

time python sim_max_iter_10000.py 1000

------------------------------------------------------------

Successfully completed.

Resource usage summary:

    CPU time :                                   557.26 sec.
    Max Memory :                                 4047 MB
    Average Memory :                             3074.50 MB
    Total Requested Memory :                     16384.00 MB
    Delta Memory :                               12337.00 MB
    Max Swap :                                   -
    Max Processes :                              4
    Max Threads :                                7
    Run time :                                   598 sec.
    Turnaround time :                            581 sec.

The output (if any) is above this job summary.



PS:

Read file <gpu_numba_less_iter_24644173.err> for stderr output of this job.

