Loaded module: cuda/11.8
Process ForkPoolWorker-26:
Process ForkPoolWorker-28:
Traceback (most recent call last):
  File "/zhome/99/4/213789/projectwork/5thtask/task5.py", line 92, in <module>
    chunk_results = pool.starmap(process_chunk, [(b_chunk, i_chunk, jacobi) for (b_chunk, i_chunk) in zip(building_chunks, interior_chunks)])
                    ^^^^^^^^^^^^^^^^^^^^^^^^^^^^^^^^^^^^^^^^^^^^^^^^^^^^^^^^^^^^^^^^^^^^^^^^^^^^^^^^^^^^^^^^^^^^^^^^^^^^^^^^^^^^^^^^^^^^^^^^^
  File "/dtu/projects/02613_2025/conda/miniconda3/envs/02613/lib/python3.11/multiprocessing/pool.py", line 375, in starmap
    return self._map_async(func, iterable, starmapstar, chunksize).get()
           ^^^^^^^^^^^^^^^^^^^^^^^^^^^^^^^^^^^^^^^^^^^^^^^^^^^^^^^^^^^^^
  File "/dtu/projects/02613_2025/conda/miniconda3/envs/02613/lib/python3.11/multiprocessing/pool.py", line 768, in get
    self.wait(timeout)
  File "/dtu/projects/02613_2025/conda/miniconda3/envs/02613/lib/python3.11/multiprocessing/pool.py", line 765, in wait
    self._event.wait(timeout)
  File "/dtu/projects/02613_2025/conda/miniconda3/envs/02613/lib/python3.11/threading.py", line 622, in wait
    signaled = self._cond.wait(timeout)
               ^^^^^^^^^^^^^^^^^^^^^^^^
  File "/dtu/projects/02613_2025/conda/miniconda3/envs/02613/lib/python3.11/threading.py", line 320, in wait
    waiter.acquire()
KeyboardInterrupt
