Loaded module: cuda/11.8
Process ForkPoolWorker-2:
Traceback (most recent call last):
  File "/dtu/projects/02613_2025/conda/miniconda3/envs/02613/lib/python3.11/multiprocessing/process.py", line 314, in _bootstrap
    self.run()
  File "/dtu/projects/02613_2025/conda/miniconda3/envs/02613/lib/python3.11/multiprocessing/process.py", line 108, in run
    self._target(*self._args, **self._kwargs)
  File "/dtu/projects/02613_2025/conda/miniconda3/envs/02613/lib/python3.11/multiprocessing/pool.py", line 125, in worker
    result = (True, func(*args, **kwds))
                    ^^^^^^^^^^^^^^^^^^^
  File "/dtu/projects/02613_2025/conda/miniconda3/envs/02613/lib/python3.11/multiprocessing/pool.py", line 51, in starmapstar
    return list(itertools.starmap(args[0], args[1]))
           ^^^^^^^^^^^^^^^^^^^^^^^^^^^^^^^^^^^^^^^^^
  File "/zhome/99/4/213789/projectwork/6thtask/sim.py", line 28, in jacobi
    if delta < atol:
       ^^^^^^^^^^^^
KeyboardInterrupt
Traceback (most recent call last):
  File "/zhome/99/4/213789/projectwork/6thtask/sim.py", line 74, in <module>
    results = pool.starmap(jacobi, [ (all_u0[i], all_interior_mask[i], MAX_ITER) for i in range(N)])
              ^^^^^^^^^^^^^^^^^^^^^^^^^^^^^^^^^^^^^^^^^^^^^^^^^^^^^^^^^^^^^^^^^^^^^^^^^^^^^^^^^^^^^^
  File "/dtu/projects/02613_2025/conda/miniconda3/envs/02613/lib/python3.11/multiprocessing/pool.py", line 375, in starmap
    return self._map_async(func, iterable, starmapstar, chunksize).get()
           ^^^^^^^^^^^^^^^^^^^^^^^^^^^^^^^^^^^^^^^^^^^^^^^^^^^^^^^^^^^^^
  File "/dtu/projects/02613_2025/conda/miniconda3/envs/02613/lib/python3.11/multiprocessing/pool.py", line 768, in get
    self.wait(timeout)
  File "/dtu/projects/02613_2025/conda/miniconda3/envs/02613/lib/python3.11/multiprocessing/pool.py", line 765, in wait
    self._event.wait(timeout)
  File "/dtu/projects/02613_2025/conda/miniconda3/envs/02613/lib/python3.11/threading.py", line 622, in wait
    signaled = self._cond.wait(timeout)
               ^^^^^^^^^^^^^^^^^^^^^^^^
  File "/dtu/projects/02613_2025/conda/miniconda3/envs/02613/lib/python3.11/threading.py", line 320, in wait
    waiter.acquire()
KeyboardInterrupt
