
------------------------------------------------------------
Sender: LSF System <lsfadmin@hpc.dtu.dk>
Subject: Job 24634070: <cpu_dynamic_100_10> in cluster <dcc> Exited

Job <cpu_dynamic_100_10> was submitted from host <gbarlogin1> by user <s242964> in cluster <dcc> at Thu Apr 10 13:50:31 2025
Job was executed on host(s) <10*n-62-30-23>, in queue <hpc>, as user <s242964> in cluster <dcc> at Thu Apr 10 13:50:33 2025
</zhome/c6/c/213742> was used as the home directory.
</zhome/c6/c/213742/mini_project/cpu_dynamic_scheduling> was used as the working directory.
Started at Thu Apr 10 13:50:33 2025
Terminated at Thu Apr 10 13:50:36 2025
Results reported at Thu Apr 10 13:50:36 2025

Your job looked like:

------------------------------------------------------------
# LSBATCH: User input
#!/bin/bash
#BSUB -R "rusage[mem=1024MB] select[model==XeonGold6142] span[hosts=1]"
#BSUB -q hpc
#BSUB -W 60
#BSUB -J cpu_dynamic_100_10
#BSUB -n 10
#BSUB -o cpu_dynamic_100_10_%J.out
#BSUB -e cpu_dynamic_100_10_%J.err

source /dtu/projects/02613_2025/conda/conda_init.sh
conda activate 02613
time python sim.py 100 10

------------------------------------------------------------

Exited with exit code 1.

Resource usage summary:

    CPU time :                                   2.20 sec.
    Max Memory :                                 -
    Average Memory :                             -
    Total Requested Memory :                     10240.00 MB
    Delta Memory :                               -
    Max Swap :                                   -
    Max Processes :                              -
    Max Threads :                                -
    Run time :                                   12 sec.
    Turnaround time :                            5 sec.

The output (if any) is above this job summary.



PS:

Read file <cpu_dynamic_100_10_24634070.err> for stderr output of this job.

