
------------------------------------------------------------
Sender: LSF System <lsfadmin@hpc.dtu.dk>
Subject: Job 24616004: <cpu_dynamic_100_5> in cluster <dcc> Exited

Job <cpu_dynamic_100_5> was submitted from host <n-62-30-2> by user <s242964> in cluster <dcc> at Tue Apr  8 20:36:18 2025
Job was executed on host(s) <5*n-62-30-23>, in queue <hpc>, as user <s242964> in cluster <dcc> at Tue Apr  8 21:32:41 2025
</zhome/c6/c/213742> was used as the home directory.
</zhome/c6/c/213742/mini_project/cpu_dynamic_scheduling> was used as the working directory.
Started at Tue Apr  8 21:32:41 2025
Terminated at Tue Apr  8 21:32:43 2025
Results reported at Tue Apr  8 21:32:43 2025

Your job looked like:

------------------------------------------------------------
# LSBATCH: User input
#!/bin/bash
#BSUB -R "rusage[mem=1024MB] select[model==XeonGold6142] span[hosts=1]"
#BSUB -q hpc
#BSUB -W 60
#BSUB -J cpu_dynamic_100_5
#BSUB -n 5
#BSUB -o cpu_dynamic_100_5_%J.out
#BSUB -e cpu_dynamic_100_5_%J.err

source /dtu/projects/02613_2025/conda/conda_init.sh
conda activate 02613
time python sim.py 100 5

------------------------------------------------------------

Exited with exit code 1.

Resource usage summary:

    CPU time :                                   1.61 sec.
    Max Memory :                                 -
    Average Memory :                             -
    Total Requested Memory :                     5120.00 MB
    Delta Memory :                               -
    Max Swap :                                   -
    Max Processes :                              -
    Max Threads :                                -
    Run time :                                   3 sec.
    Turnaround time :                            3385 sec.

The output (if any) is above this job summary.



PS:

Read file <cpu_dynamic_100_5_24616004.err> for stderr output of this job.

